<?xml version="1.0" encoding="UTF-8"?>
<coverage generated="1769408055255" clover="3.2.0">
  <project timestamp="1769408055255" name="All files">
    <metrics statements="713" coveredstatements="613" conditionals="339" coveredconditionals="248" methods="139" coveredmethods="119" elements="1191" coveredelements="980" complexity="0" loc="713" ncloc="713" packages="6" files="9" classes="9"/>
    <package name="aria">
      <metrics statements="217" coveredstatements="182" conditionals="142" coveredconditionals="108" methods="27" coveredmethods="24"/>
      <file name="conversation-engine.ts" path="/home/donovan/Projects/AI/Astro/src/aria/conversation-engine.ts">
        <metrics statements="217" coveredstatements="182" conditionals="142" coveredconditionals="108" methods="27" coveredmethods="24"/>
        <line num="1" count="1" type="stmt"/>
        <line num="46" count="1" type="stmt"/>
        <line num="50" count="44" type="stmt"/>
        <line num="51" count="44" type="stmt"/>
        <line num="60" count="44" type="stmt"/>
        <line num="61" count="44" type="stmt"/>
        <line num="62" count="44" type="stmt"/>
        <line num="63" count="44" type="stmt"/>
        <line num="64" count="44" type="stmt"/>
        <line num="71" count="39" type="stmt"/>
        <line num="72" count="39" type="stmt"/>
        <line num="81" count="39" type="stmt"/>
        <line num="82" count="39" type="stmt"/>
        <line num="84" count="39" type="stmt"/>
        <line num="100" count="39" type="stmt"/>
        <line num="101" count="39" type="cond" truecount="1" falsecount="0"/>
        <line num="102" count="1" type="stmt"/>
        <line num="106" count="38" type="stmt"/>
        <line num="111" count="38" type="stmt"/>
        <line num="113" count="38" type="stmt"/>
        <line num="115" count="38" type="stmt"/>
        <line num="116" count="38" type="stmt"/>
        <line num="117" count="38" type="stmt"/>
        <line num="118" count="38" type="stmt"/>
        <line num="123" count="38" type="stmt"/>
        <line num="124" count="38" type="stmt"/>
        <line num="128" count="38" type="cond" truecount="7" falsecount="1"/>
        <line num="130" count="7" type="stmt"/>
        <line num="142" count="7" type="stmt"/>
        <line num="143" count="7" type="stmt"/>
        <line num="146" count="18" type="stmt"/>
        <line num="147" count="18" type="stmt"/>
        <line num="150" count="4" type="stmt"/>
        <line num="151" count="4" type="stmt"/>
        <line num="154" count="1" type="stmt"/>
        <line num="155" count="1" type="stmt"/>
        <line num="158" count="1" type="stmt"/>
        <line num="159" count="1" type="stmt"/>
        <line num="162" count="3" type="stmt"/>
        <line num="167" count="3" type="stmt"/>
        <line num="170" count="4" type="stmt"/>
        <line num="174" count="4" type="stmt"/>
        <line num="175" count="4" type="stmt"/>
        <line num="178" count="0" type="stmt"/>
        <line num="182" count="38" type="stmt"/>
        <line num="188" count="38" type="stmt"/>
        <line num="189" count="38" type="stmt"/>
        <line num="192" count="38" type="stmt"/>
        <line num="207" count="38" type="stmt"/>
        <line num="215" count="0" type="cond" truecount="0" falsecount="2"/>
        <line num="216" count="0" type="stmt"/>
        <line num="222" count="0" type="stmt"/>
        <line num="223" count="0" type="stmt"/>
        <line num="225" count="0" type="stmt"/>
        <line num="235" count="38" type="stmt"/>
        <line num="238" count="38" type="cond" truecount="1" falsecount="0"/>
        <line num="243" count="4" type="stmt"/>
        <line num="251" count="34" type="cond" truecount="1" falsecount="0"/>
        <line num="256" count="1" type="stmt"/>
        <line num="264" count="33" type="cond" truecount="1" falsecount="0"/>
        <line num="270" count="13" type="stmt"/>
        <line num="271" count="13" type="cond" truecount="2" falsecount="0"/>
        <line num="272" count="10" type="cond" truecount="2" falsecount="0"/>
        <line num="273" count="6" type="cond" truecount="2" falsecount="0"/>
        <line num="274" count="4" type="cond" truecount="1" falsecount="0"/>
        <line num="276" count="13" type="stmt"/>
        <line num="285" count="20" type="cond" truecount="4" falsecount="0"/>
        <line num="286" count="1" type="stmt"/>
        <line num="294" count="19" type="cond" truecount="3" falsecount="0"/>
        <line num="295" count="3" type="stmt"/>
        <line num="302" count="16" type="cond" truecount="3" falsecount="0"/>
        <line num="303" count="4" type="stmt"/>
        <line num="312" count="12" type="stmt"/>
        <line num="316" count="12" type="cond" truecount="2" falsecount="0"/>
        <line num="317" count="4" type="stmt"/>
        <line num="318" count="8" type="cond" truecount="4" falsecount="0"/>
        <line num="319" count="1" type="stmt"/>
        <line num="322" count="7" type="stmt"/>
        <line num="323" count="17" type="cond" truecount="3" falsecount="0"/>
        <line num="324" count="2" type="stmt"/>
        <line num="325" count="2" type="stmt"/>
        <line num="331" count="12" type="stmt"/>
        <line num="333" count="12" type="cond" truecount="1" falsecount="0"/>
        <line num="334" count="2" type="stmt"/>
        <line num="335" count="2" type="cond" truecount="1" falsecount="0"/>
        <line num="338" count="12" type="cond" truecount="1" falsecount="0"/>
        <line num="340" count="4" type="stmt"/>
        <line num="341" count="4" type="cond" truecount="1" falsecount="1"/>
        <line num="342" count="4" type="stmt"/>
        <line num="345" count="0" type="stmt"/>
        <line num="346" count="0" type="cond" truecount="0" falsecount="1"/>
        <line num="350" count="12" type="cond" truecount="1" falsecount="0"/>
        <line num="351" count="1" type="stmt"/>
        <line num="354" count="1" type="cond" truecount="2" falsecount="1"/>
        <line num="355" count="1" type="cond" truecount="1" falsecount="1"/>
        <line num="358" count="12" type="cond" truecount="1" falsecount="0"/>
        <line num="359" count="7" type="stmt"/>
        <line num="369" count="5" type="stmt"/>
        <line num="391" count="7" type="cond" truecount="0" falsecount="1"/>
        <line num="392" count="0" type="stmt"/>
        <line num="401" count="7" type="stmt"/>
        <line num="402" count="7" type="cond" truecount="0" falsecount="1"/>
        <line num="403" count="0" type="stmt"/>
        <line num="412" count="7" type="cond" truecount="1" falsecount="0"/>
        <line num="413" count="1" type="stmt"/>
        <line num="422" count="6" type="stmt"/>
        <line num="429" count="6" type="stmt"/>
        <line num="431" count="6" type="cond" truecount="0" falsecount="1"/>
        <line num="433" count="0" type="stmt"/>
        <line num="434" count="0" type="stmt"/>
        <line num="445" count="0" type="stmt"/>
        <line num="446" count="0" type="cond" truecount="0" falsecount="1"/>
        <line num="447" count="0" type="stmt"/>
        <line num="458" count="0" type="stmt"/>
        <line num="468" count="6" type="stmt"/>
        <line num="469" count="6" type="stmt"/>
        <line num="478" count="6" type="stmt"/>
        <line num="479" count="6" type="stmt"/>
        <line num="487" count="0" type="cond" truecount="0" falsecount="2"/>
        <line num="488" count="0" type="stmt"/>
        <line num="504" count="18" type="cond" truecount="2" falsecount="0"/>
        <line num="506" count="18" type="cond" truecount="3" falsecount="0"/>
        <line num="507" count="10" type="stmt"/>
        <line num="508" count="10" type="stmt"/>
        <line num="513" count="91" type="stmt"/>
        <line num="519" count="8" type="cond" truecount="1" falsecount="0"/>
        <line num="520" count="4" type="stmt"/>
        <line num="521" count="4" type="stmt"/>
        <line num="526" count="12" type="cond" truecount="1" falsecount="1"/>
        <line num="532" count="4" type="cond" truecount="1" falsecount="0"/>
        <line num="533" count="2" type="stmt"/>
        <line num="534" count="2" type="cond" truecount="1" falsecount="0"/>
        <line num="535" count="1" type="stmt"/>
        <line num="537" count="1" type="stmt"/>
        <line num="540" count="1" type="stmt"/>
        <line num="545" count="2" type="cond" truecount="1" falsecount="0"/>
        <line num="546" count="2" type="stmt"/>
        <line num="547" count="2" type="cond" truecount="1" falsecount="0"/>
        <line num="548" count="1" type="stmt"/>
        <line num="550" count="1" type="stmt"/>
        <line num="553" count="1" type="stmt"/>
        <line num="558" count="0" type="stmt"/>
        <line num="568" count="4" type="stmt"/>
        <line num="596" count="1" type="stmt"/>
        <line num="616" count="1" type="stmt"/>
        <line num="631" count="7" type="cond" truecount="1" falsecount="0"/>
        <line num="632" count="7" type="stmt"/>
        <line num="635" count="7" type="cond" truecount="1" falsecount="0"/>
        <line num="636" count="5" type="stmt"/>
        <line num="643" count="2" type="stmt"/>
        <line num="644" count="2" type="stmt"/>
        <line num="646" count="2" type="cond" truecount="2" falsecount="0"/>
        <line num="647" count="2" type="cond" truecount="1" falsecount="1"/>
        <line num="648" count="2" type="cond" truecount="2" falsecount="1"/>
        <line num="649" count="0" type="stmt"/>
        <line num="655" count="2" type="cond" truecount="1" falsecount="0"/>
        <line num="656" count="1" type="stmt"/>
        <line num="657" count="1" type="cond" truecount="1" falsecount="0"/>
        <line num="658" count="1" type="stmt"/>
        <line num="660" count="1" type="stmt"/>
        <line num="667" count="1" type="cond" truecount="2" falsecount="1"/>
        <line num="668" count="0" type="stmt"/>
        <line num="674" count="1" type="stmt"/>
        <line num="675" count="1" type="stmt"/>
        <line num="684" count="1" type="stmt"/>
        <line num="685" count="1" type="cond" truecount="1" falsecount="0"/>
        <line num="686" count="1" type="stmt"/>
        <line num="689" count="1" type="stmt"/>
        <line num="690" count="1" type="stmt"/>
        <line num="696" count="0" type="cond" truecount="0" falsecount="2"/>
        <line num="697" count="0" type="stmt"/>
        <line num="708" count="7" type="stmt"/>
        <line num="709" count="7" type="stmt"/>
        <line num="710" count="13" type="cond" truecount="1" falsecount="0"/>
        <line num="711" count="7" type="stmt"/>
        <line num="714" count="0" type="stmt"/>
        <line num="721" count="7" type="cond" truecount="1" falsecount="1"/>
        <line num="723" count="7" type="cond" truecount="1" falsecount="0"/>
        <line num="724" count="3" type="stmt"/>
        <line num="725" count="3" type="cond" truecount="1" falsecount="0"/>
        <line num="726" count="2" type="stmt"/>
        <line num="730" count="5" type="cond" truecount="1" falsecount="0"/>
        <line num="731" count="3" type="stmt"/>
        <line num="734" count="2" type="cond" truecount="1" falsecount="0"/>
        <line num="735" count="1" type="stmt"/>
        <line num="736" count="1" type="cond" truecount="1" falsecount="0"/>
        <line num="737" count="1" type="stmt"/>
        <line num="741" count="1" type="stmt"/>
        <line num="748" count="4" type="stmt"/>
        <line num="749" count="4" type="cond" truecount="2" falsecount="0"/>
        <line num="756" count="0" type="stmt"/>
        <line num="757" count="0" type="cond" truecount="0" falsecount="1"/>
        <line num="758" count="0" type="stmt"/>
        <line num="763" count="39" type="stmt"/>
        <line num="767" count="0" type="stmt"/>
        <line num="771" count="43" type="stmt"/>
        <line num="772" count="43" type="cond" truecount="1" falsecount="0"/>
        <line num="773" count="41" type="stmt"/>
        <line num="776" count="2" type="cond" truecount="1" falsecount="0"/>
        <line num="777" count="2" type="stmt"/>
        <line num="780" count="0" type="stmt"/>
        <line num="781" count="0" type="cond" truecount="0" falsecount="1"/>
        <line num="782" count="0" type="stmt"/>
        <line num="785" count="0" type="stmt"/>
        <line num="789" count="0" type="stmt"/>
        <line num="798" count="0" type="stmt"/>
        <line num="799" count="0" type="stmt"/>
        <line num="803" count="77" type="cond" truecount="1" falsecount="0"/>
        <line num="804" count="71" type="stmt"/>
        <line num="806" count="6" type="stmt"/>
        <line num="810" count="6" type="stmt"/>
        <line num="821" count="7" type="cond" truecount="1" falsecount="0"/>
        <line num="822" count="5" type="stmt"/>
        <line num="824" count="2" type="stmt"/>
        <line num="825" count="2" type="stmt"/>
        <line num="826" count="2" type="cond" truecount="1" falsecount="0"/>
        <line num="827" count="2" type="stmt"/>
      </file>
    </package>
    <package name="astro">
      <metrics statements="233" coveredstatements="224" conditionals="110" coveredconditionals="92" methods="26" coveredmethods="26"/>
      <file name="agents.ts" path="/home/donovan/Projects/AI/Astro/src/astro/agents.ts">
        <metrics statements="1" coveredstatements="1" conditionals="0" coveredconditionals="0" methods="0" coveredmethods="0"/>
        <line num="8" count="2" type="stmt"/>
      </file>
      <file name="orchestrator.ts" path="/home/donovan/Projects/AI/Astro/src/astro/orchestrator.ts">
        <metrics statements="48" coveredstatements="41" conditionals="17" coveredconditionals="15" methods="7" coveredmethods="7"/>
        <line num="1" count="3" type="stmt"/>
        <line num="2" count="3" type="stmt"/>
        <line num="52" count="3" type="stmt"/>
        <line num="53" count="54" type="stmt"/>
        <line num="54" count="54" type="stmt"/>
        <line num="58" count="54" type="stmt"/>
        <line num="65" count="146" type="cond" truecount="3" falsecount="0"/>
        <line num="66" count="1" type="stmt"/>
        <line num="69" count="145" type="cond" truecount="1" falsecount="0"/>
        <line num="70" count="1" type="stmt"/>
        <line num="73" count="144" type="stmt"/>
        <line num="80" count="421" type="cond" truecount="3" falsecount="0"/>
        <line num="81" count="1" type="stmt"/>
        <line num="84" count="420" type="cond" truecount="3" falsecount="0"/>
        <line num="85" count="1" type="stmt"/>
        <line num="88" count="419" type="stmt"/>
        <line num="98" count="4" type="stmt"/>
        <line num="113" count="15" type="stmt"/>
        <line num="114" count="15" type="cond" truecount="2" falsecount="0"/>
        <line num="116" count="15" type="stmt"/>
        <line num="117" count="15" type="cond" truecount="1" falsecount="0"/>
        <line num="118" count="1" type="stmt"/>
        <line num="122" count="1" type="stmt"/>
        <line num="123" count="0" type="stmt"/>
        <line num="126" count="14" type="cond" truecount="1" falsecount="0"/>
        <line num="127" count="2" type="stmt"/>
        <line num="131" count="2" type="stmt"/>
        <line num="132" count="1" type="stmt"/>
        <line num="135" count="12" type="stmt"/>
        <line num="136" count="12" type="cond" truecount="1" falsecount="0"/>
        <line num="137" count="1" type="stmt"/>
        <line num="141" count="1" type="stmt"/>
        <line num="142" count="0" type="stmt"/>
        <line num="145" count="11" type="stmt"/>
        <line num="147" count="11" type="stmt"/>
        <line num="148" count="11" type="stmt"/>
        <line num="155" count="11" type="stmt"/>
        <line num="156" count="11" type="stmt"/>
        <line num="158" count="11" type="stmt"/>
        <line num="168" count="11" type="stmt"/>
        <line num="169" count="11" type="stmt"/>
        <line num="171" count="0" type="stmt"/>
        <line num="173" count="0" type="cond" truecount="0" falsecount="2"/>
        <line num="175" count="0" type="stmt"/>
        <line num="179" count="0" type="stmt"/>
        <line num="180" count="0" type="stmt"/>
        <line num="188" count="21" type="stmt"/>
        <line num="192" count="7" type="stmt"/>
      </file>
      <file name="tools.ts" path="/home/donovan/Projects/AI/Astro/src/astro/tools.ts">
        <metrics statements="184" coveredstatements="182" conditionals="93" coveredconditionals="77" methods="19" coveredmethods="19"/>
        <line num="1" count="4" type="stmt"/>
        <line num="2" count="4" type="stmt"/>
        <line num="3" count="4" type="stmt"/>
        <line num="4" count="4" type="stmt"/>
        <line num="8" count="4" type="cond" truecount="2" falsecount="0"/>
        <line num="13" count="4" type="stmt"/>
        <line num="17" count="8" type="stmt"/>
        <line num="18" count="8" type="stmt"/>
        <line num="19" count="8" type="stmt"/>
        <line num="30" count="8" type="stmt"/>
        <line num="32" count="0" type="stmt"/>
        <line num="44" count="4" type="stmt"/>
        <line num="53" count="6" type="stmt"/>
        <line num="54" count="6" type="stmt"/>
        <line num="55" count="5" type="stmt"/>
        <line num="56" count="22" type="cond" truecount="2" falsecount="0"/>
        <line num="59" count="1" type="stmt"/>
        <line num="63" count="4" type="stmt"/>
        <line num="67" count="7" type="stmt"/>
        <line num="69" count="7" type="stmt"/>
        <line num="70" count="7" type="stmt"/>
        <line num="71" count="7" type="cond" truecount="2" falsecount="0"/>
        <line num="72" count="7" type="cond" truecount="2" falsecount="0"/>
        <line num="73" count="7" type="stmt"/>
        <line num="75" count="7" type="cond" truecount="1" falsecount="0"/>
        <line num="76" count="1" type="stmt"/>
        <line num="83" count="6" type="cond" truecount="1" falsecount="0"/>
        <line num="84" count="2" type="stmt"/>
        <line num="91" count="4" type="cond" truecount="1" falsecount="0"/>
        <line num="92" count="1" type="stmt"/>
        <line num="99" count="3" type="stmt"/>
        <line num="107" count="2" type="stmt"/>
        <line num="118" count="1" type="stmt"/>
        <line num="119" count="1" type="stmt"/>
        <line num="139" count="11" type="stmt"/>
        <line num="142" count="4" type="stmt"/>
        <line num="146" count="12" type="stmt"/>
        <line num="148" count="12" type="stmt"/>
        <line num="149" count="12" type="stmt"/>
        <line num="151" count="12" type="cond" truecount="1" falsecount="0"/>
        <line num="152" count="1" type="stmt"/>
        <line num="159" count="11" type="cond" truecount="1" falsecount="0"/>
        <line num="160" count="1" type="stmt"/>
        <line num="169" count="10" type="stmt"/>
        <line num="171" count="8" type="cond" truecount="0" falsecount="1"/>
        <line num="172" count="0" type="stmt"/>
        <line num="179" count="8" type="cond" truecount="1" falsecount="0"/>
        <line num="180" count="2" type="stmt"/>
        <line num="187" count="6" type="stmt"/>
        <line num="196" count="2" type="stmt"/>
        <line num="213" count="4" type="stmt"/>
        <line num="217" count="3" type="stmt"/>
        <line num="218" count="3" type="stmt"/>
        <line num="219" count="3" type="stmt"/>
        <line num="220" count="3" type="cond" truecount="2" falsecount="0"/>
        <line num="222" count="3" type="cond" truecount="1" falsecount="0"/>
        <line num="223" count="1" type="stmt"/>
        <line num="227" count="2" type="stmt"/>
        <line num="234" count="1" type="stmt"/>
        <line num="235" count="1" type="stmt"/>
        <line num="237" count="1" type="cond" truecount="2" falsecount="0"/>
        <line num="238" count="1" type="stmt"/>
        <line num="241" count="1" type="stmt"/>
        <line num="247" count="1" type="stmt"/>
        <line num="259" count="4" type="stmt"/>
        <line num="263" count="3" type="stmt"/>
        <line num="264" count="3" type="stmt"/>
        <line num="265" count="3" type="stmt"/>
        <line num="266" count="3" type="cond" truecount="1" falsecount="0"/>
        <line num="267" count="1" type="stmt"/>
        <line num="270" count="2" type="stmt"/>
        <line num="277" count="1" type="stmt"/>
        <line num="285" count="1" type="stmt"/>
        <line num="291" count="1" type="stmt"/>
        <line num="304" count="9" type="stmt"/>
        <line num="305" count="9" type="stmt"/>
        <line num="312" count="4" type="stmt"/>
        <line num="316" count="4" type="stmt"/>
        <line num="317" count="4" type="stmt"/>
        <line num="318" count="4" type="stmt"/>
        <line num="319" count="4" type="cond" truecount="1" falsecount="0"/>
        <line num="320" count="1" type="stmt"/>
        <line num="322" count="3" type="cond" truecount="1" falsecount="0"/>
        <line num="323" count="1" type="stmt"/>
        <line num="326" count="2" type="stmt"/>
        <line num="327" count="2" type="stmt"/>
        <line num="328" count="1" type="stmt"/>
        <line num="334" count="1" type="stmt"/>
        <line num="346" count="4" type="stmt"/>
        <line num="350" count="4" type="stmt"/>
        <line num="351" count="4" type="stmt"/>
        <line num="352" count="4" type="stmt"/>
        <line num="353" count="4" type="stmt"/>
        <line num="354" count="4" type="cond" truecount="3" falsecount="0"/>
        <line num="355" count="1" type="stmt"/>
        <line num="357" count="3" type="cond" truecount="1" falsecount="0"/>
        <line num="358" count="1" type="stmt"/>
        <line num="361" count="2" type="stmt"/>
        <line num="362" count="2" type="stmt"/>
        <line num="363" count="1" type="stmt"/>
        <line num="364" count="1" type="stmt"/>
        <line num="370" count="1" type="stmt"/>
        <line num="382" count="4" type="stmt"/>
        <line num="386" count="3" type="stmt"/>
        <line num="387" count="3" type="stmt"/>
        <line num="388" count="3" type="cond" truecount="1" falsecount="1"/>
        <line num="389" count="3" type="cond" truecount="1" falsecount="0"/>
        <line num="390" count="1" type="stmt"/>
        <line num="393" count="2" type="stmt"/>
        <line num="394" count="2" type="stmt"/>
        <line num="395" count="2" type="cond" truecount="2" falsecount="0"/>
        <line num="396" count="1" type="stmt"/>
        <line num="402" count="1" type="stmt"/>
        <line num="418" count="4" type="stmt"/>
        <line num="422" count="2" type="stmt"/>
        <line num="423" count="2" type="stmt"/>
        <line num="424" count="2" type="cond" truecount="2" falsecount="0"/>
        <line num="425" count="2" type="stmt"/>
        <line num="426" count="1" type="stmt"/>
        <line num="427" count="1" type="stmt"/>
        <line num="433" count="1" type="stmt"/>
        <line num="445" count="4" type="stmt"/>
        <line num="449" count="3" type="stmt"/>
        <line num="450" count="3" type="stmt"/>
        <line num="451" count="3" type="cond" truecount="2" falsecount="0"/>
        <line num="452" count="3" type="stmt"/>
        <line num="453" count="3" type="cond" truecount="2" falsecount="0"/>
        <line num="454" count="3" type="stmt"/>
        <line num="455" count="2" type="stmt"/>
        <line num="461" count="1" type="stmt"/>
        <line num="477" count="4" type="stmt"/>
        <line num="481" count="5" type="stmt"/>
        <line num="482" count="5" type="stmt"/>
        <line num="483" count="5" type="cond" truecount="2" falsecount="0"/>
        <line num="484" count="5" type="stmt"/>
        <line num="487" count="5" type="cond" truecount="1" falsecount="0"/>
        <line num="488" count="4" type="cond" truecount="2" falsecount="0"/>
        <line num="489" count="2" type="stmt"/>
        <line num="490" count="2" type="cond" truecount="4" falsecount="0"/>
        <line num="491" count="1" type="stmt"/>
        <line num="493" count="1" type="stmt"/>
        <line num="497" count="4" type="stmt"/>
        <line num="498" count="3" type="stmt"/>
        <line num="504" count="1" type="stmt"/>
        <line num="521" count="4" type="stmt"/>
        <line num="525" count="6" type="stmt"/>
        <line num="526" count="6" type="stmt"/>
        <line num="527" count="6" type="cond" truecount="2" falsecount="0"/>
        <line num="528" count="6" type="stmt"/>
        <line num="531" count="6" type="cond" truecount="5" falsecount="0"/>
        <line num="532" count="3" type="stmt"/>
        <line num="533" count="3" type="cond" truecount="5" falsecount="0"/>
        <line num="534" count="2" type="stmt"/>
        <line num="536" count="1" type="stmt"/>
        <line num="539" count="5" type="stmt"/>
        <line num="540" count="4" type="stmt"/>
        <line num="547" count="1" type="stmt"/>
        <line num="559" count="4" type="stmt"/>
        <line num="565" count="4" type="stmt"/>
        <line num="569" count="4" type="stmt"/>
        <line num="570" count="4" type="stmt"/>
        <line num="571" count="4" type="stmt"/>
        <line num="572" count="4" type="stmt"/>
        <line num="573" count="4" type="cond" truecount="1" falsecount="0"/>
        <line num="574" count="1" type="stmt"/>
        <line num="577" count="3" type="stmt"/>
        <line num="578" count="3" type="cond" truecount="1" falsecount="0"/>
        <line num="579" count="1" type="stmt"/>
        <line num="581" count="3" type="stmt"/>
        <line num="582" count="3" type="stmt"/>
        <line num="583" count="2" type="stmt"/>
        <line num="585" count="2" type="stmt"/>
        <line num="591" count="1" type="stmt"/>
        <line num="603" count="4" type="stmt"/>
        <line num="607" count="5" type="stmt"/>
        <line num="608" count="5" type="stmt"/>
        <line num="609" count="5" type="stmt"/>
        <line num="611" count="5" type="cond" truecount="1" falsecount="0"/>
        <line num="612" count="1" type="stmt"/>
        <line num="615" count="4" type="stmt"/>
        <line num="616" count="3" type="cond" truecount="1" falsecount="0"/>
        <line num="617" count="2" type="stmt"/>
        <line num="623" count="1" type="stmt"/>
        <line num="629" count="1" type="stmt"/>
      </file>
    </package>
    <package name="codi3">
      <metrics statements="83" coveredstatements="57" conditionals="15" coveredconditionals="5" methods="33" coveredmethods="23"/>
      <file name="threat-intelligence.ts" path="/home/donovan/Projects/AI/Astro/src/codi3/threat-intelligence.ts">
        <metrics statements="83" coveredstatements="57" conditionals="15" coveredconditionals="5" methods="33" coveredmethods="23"/>
        <line num="1" count="2" type="stmt"/>
        <line num="51" count="2" type="stmt"/>
        <line num="52" count="53" type="stmt"/>
        <line num="53" count="53" type="stmt"/>
        <line num="54" count="53" type="stmt"/>
        <line num="58" count="53" type="stmt"/>
        <line num="62" count="0" type="cond" truecount="0" falsecount="1"/>
        <line num="63" count="0" type="stmt"/>
        <line num="66" count="0" type="stmt"/>
        <line num="67" count="0" type="stmt"/>
        <line num="68" count="0" type="stmt"/>
        <line num="75" count="0" type="stmt"/>
        <line num="76" count="0" type="stmt"/>
        <line num="77" count="0" type="stmt"/>
        <line num="81" count="0" type="stmt"/>
        <line num="88" count="0" type="stmt"/>
        <line num="89" count="0" type="stmt"/>
        <line num="90" count="0" type="stmt"/>
        <line num="98" count="17" type="cond" truecount="3" falsecount="0"/>
        <line num="99" count="1" type="stmt"/>
        <line num="102" count="16" type="stmt"/>
        <line num="103" count="16" type="stmt"/>
        <line num="105" count="16" type="stmt"/>
        <line num="112" count="16" type="stmt"/>
        <line num="113" count="16" type="cond" truecount="0" falsecount="1"/>
        <line num="114" count="0" type="stmt"/>
        <line num="116" count="16" type="stmt"/>
        <line num="123" count="6" type="stmt"/>
        <line num="124" count="6" type="cond" truecount="0" falsecount="1"/>
        <line num="125" count="0" type="stmt"/>
        <line num="128" count="6" type="stmt"/>
        <line num="129" count="6" type="stmt"/>
        <line num="131" count="6" type="stmt"/>
        <line num="146" count="6" type="stmt"/>
        <line num="147" count="6" type="cond" truecount="0" falsecount="1"/>
        <line num="148" count="0" type="stmt"/>
        <line num="150" count="6" type="stmt"/>
        <line num="157" count="4" type="stmt"/>
        <line num="158" count="4" type="cond" truecount="0" falsecount="1"/>
        <line num="159" count="0" type="stmt"/>
        <line num="162" count="4" type="stmt"/>
        <line num="166" count="4" type="stmt"/>
        <line num="167" count="4" type="cond" truecount="0" falsecount="1"/>
        <line num="168" count="0" type="stmt"/>
        <line num="179" count="2" type="stmt"/>
        <line num="180" count="2" type="cond" truecount="0" falsecount="1"/>
        <line num="181" count="0" type="stmt"/>
        <line num="184" count="2" type="stmt"/>
        <line num="185" count="2" type="stmt"/>
        <line num="186" count="2" type="stmt"/>
        <line num="187" count="2" type="cond" truecount="0" falsecount="1"/>
        <line num="188" count="0" type="stmt"/>
        <line num="198" count="5" type="cond" truecount="2" falsecount="1"/>
        <line num="199" count="0" type="stmt"/>
        <line num="202" count="5" type="stmt"/>
        <line num="203" count="5" type="stmt"/>
        <line num="205" count="5" type="stmt"/>
        <line num="206" count="5" type="cond" truecount="0" falsecount="1"/>
        <line num="207" count="0" type="stmt"/>
        <line num="209" count="5" type="stmt"/>
        <line num="216" count="9" type="stmt"/>
        <line num="223" count="3" type="stmt"/>
        <line num="224" count="4" type="stmt"/>
        <line num="232" count="3" type="stmt"/>
        <line num="233" count="3" type="stmt"/>
        <line num="241" count="0" type="stmt"/>
        <line num="248" count="1" type="stmt"/>
        <line num="255" count="2" type="stmt"/>
        <line num="262" count="1" type="stmt"/>
        <line num="263" count="2" type="stmt"/>
        <line num="273" count="2" type="stmt"/>
        <line num="274" count="4" type="stmt"/>
        <line num="282" count="1" type="stmt"/>
        <line num="283" count="1" type="stmt"/>
        <line num="285" count="1" type="stmt"/>
        <line num="288" count="2" type="stmt"/>
        <line num="289" count="2" type="stmt"/>
        <line num="290" count="2" type="stmt"/>
        <line num="291" count="2" type="stmt"/>
        <line num="295" count="0" type="stmt"/>
        <line num="296" count="0" type="stmt"/>
        <line num="298" count="0" type="stmt"/>
        <line num="299" count="0" type="stmt"/>
      </file>
    </package>
    <package name="middleware">
      <metrics statements="33" coveredstatements="33" conditionals="17" coveredconditionals="17" methods="2" coveredmethods="2"/>
      <file name="auth.ts" path="/home/donovan/Projects/AI/Astro/src/middleware/auth.ts">
        <metrics statements="33" coveredstatements="33" conditionals="17" coveredconditionals="17" methods="2" coveredmethods="2"/>
        <line num="2" count="2" type="stmt"/>
        <line num="4" count="2" type="stmt"/>
        <line num="11" count="2" type="stmt"/>
        <line num="13" count="2" type="stmt"/>
        <line num="14" count="15" type="stmt"/>
        <line num="15" count="15" type="cond" truecount="2" falsecount="0"/>
        <line num="19" count="15" type="cond" truecount="2" falsecount="0"/>
        <line num="20" count="15" type="cond" truecount="1" falsecount="0"/>
        <line num="21" count="6" type="stmt"/>
        <line num="24" count="15" type="cond" truecount="1" falsecount="0"/>
        <line num="25" count="2" type="stmt"/>
        <line num="26" count="2" type="stmt"/>
        <line num="29" count="13" type="stmt"/>
        <line num="30" count="13" type="stmt"/>
        <line num="36" count="12" type="cond" truecount="2" falsecount="0"/>
        <line num="37" count="12" type="stmt"/>
        <line num="39" count="12" type="cond" truecount="3" falsecount="0"/>
        <line num="40" count="2" type="stmt"/>
        <line num="41" count="2" type="stmt"/>
        <line num="44" count="10" type="stmt"/>
        <line num="45" count="10" type="stmt"/>
        <line num="47" count="1" type="stmt"/>
        <line num="51" count="2" type="stmt"/>
        <line num="52" count="4" type="cond" truecount="1" falsecount="0"/>
        <line num="53" count="1" type="stmt"/>
        <line num="54" count="1" type="stmt"/>
        <line num="57" count="3" type="stmt"/>
        <line num="58" count="3" type="cond" truecount="3" falsecount="0"/>
        <line num="59" count="2" type="stmt"/>
        <line num="60" count="2" type="stmt"/>
        <line num="63" count="1" type="cond" truecount="2" falsecount="0"/>
        <line num="64" count="1" type="stmt"/>
        <line num="66" count="1" type="stmt"/>
      </file>
    </package>
    <package name="otis">
      <metrics statements="65" coveredstatements="49" conditionals="24" coveredconditionals="12" methods="16" coveredmethods="9"/>
      <file name="security-gateway.ts" path="/home/donovan/Projects/AI/Astro/src/otis/security-gateway.ts">
        <metrics statements="65" coveredstatements="49" conditionals="24" coveredconditionals="12" methods="16" coveredmethods="9"/>
        <line num="1" count="2" type="stmt"/>
        <line num="2" count="2" type="stmt"/>
        <line num="19" count="2" type="stmt"/>
        <line num="105" count="2" type="stmt"/>
        <line num="106" count="57" type="stmt"/>
        <line num="108" count="57" type="stmt"/>
        <line num="112" count="57" type="stmt"/>
        <line num="113" count="57" type="stmt"/>
        <line num="117" count="0" type="cond" truecount="0" falsecount="1"/>
        <line num="118" count="0" type="stmt"/>
        <line num="121" count="0" type="stmt"/>
        <line num="122" count="0" type="cond" truecount="0" falsecount="2"/>
        <line num="123" count="0" type="stmt"/>
        <line num="125" count="0" type="stmt"/>
        <line num="126" count="0" type="stmt"/>
        <line num="129" count="0" type="stmt"/>
        <line num="130" count="0" type="stmt"/>
        <line num="151" count="30" type="stmt"/>
        <line num="152" count="30" type="cond" truecount="0" falsecount="1"/>
        <line num="153" count="0" type="stmt"/>
        <line num="155" count="30" type="stmt"/>
        <line num="169" count="13" type="stmt"/>
        <line num="172" count="13" type="cond" truecount="1" falsecount="0"/>
        <line num="173" count="1" type="stmt"/>
        <line num="177" count="13" type="cond" truecount="1" falsecount="0"/>
        <line num="178" count="1" type="stmt"/>
        <line num="182" count="13" type="stmt"/>
        <line num="185" count="13" type="cond" truecount="1" falsecount="0"/>
        <line num="186" count="5" type="stmt"/>
        <line num="190" count="13" type="stmt"/>
        <line num="198" count="46" type="stmt"/>
        <line num="199" count="46" type="cond" truecount="1" falsecount="1"/>
        <line num="202" count="46" type="stmt"/>
        <line num="213" count="46" type="stmt"/>
        <line num="217" count="46" type="stmt"/>
        <line num="225" count="46" type="stmt"/>
        <line num="226" count="46" type="cond" truecount="0" falsecount="1"/>
        <line num="227" count="0" type="stmt"/>
        <line num="240" count="46" type="stmt"/>
        <line num="257" count="5" type="cond" truecount="1" falsecount="0"/>
        <line num="258" count="1" type="stmt"/>
        <line num="261" count="4" type="stmt"/>
        <line num="263" count="4" type="cond" truecount="1" falsecount="0"/>
        <line num="264" count="2" type="stmt"/>
        <line num="266" count="4" type="cond" truecount="0" falsecount="1"/>
        <line num="267" count="0" type="stmt"/>
        <line num="269" count="4" type="cond" truecount="0" falsecount="1"/>
        <line num="270" count="0" type="stmt"/>
        <line num="272" count="4" type="cond" truecount="0" falsecount="1"/>
        <line num="273" count="0" type="stmt"/>
        <line num="275" count="4" type="cond" truecount="0" falsecount="1"/>
        <line num="276" count="0" type="stmt"/>
        <line num="279" count="4" type="stmt"/>
        <line num="290" count="2" type="stmt"/>
        <line num="291" count="2" type="stmt"/>
        <line num="292" count="2" type="stmt"/>
        <line num="303" count="2" type="stmt"/>
        <line num="307" count="2" type="cond" truecount="1" falsecount="0"/>
        <line num="308" count="1" type="stmt"/>
        <line num="312" count="2" type="stmt"/>
        <line num="323" count="4" type="cond" truecount="3" falsecount="0"/>
        <line num="324" count="2" type="stmt"/>
        <line num="326" count="2" type="stmt"/>
        <line num="333" count="10" type="stmt"/>
        <line num="340" count="0" type="cond" truecount="0" falsecount="2"/>
      </file>
    </package>
    <package name="services">
      <metrics statements="82" coveredstatements="68" conditionals="31" coveredconditionals="14" methods="35" coveredmethods="35"/>
      <file name="logger.ts" path="/home/donovan/Projects/AI/Astro/src/services/logger.ts">
        <metrics statements="9" coveredstatements="7" conditionals="11" coveredconditionals="7" methods="0" coveredmethods="0"/>
        <line num="1" count="1" type="stmt"/>
        <line num="3" count="1" type="cond" truecount="1" falsecount="1"/>
        <line num="4" count="1" type="cond" truecount="2" falsecount="0"/>
        <line num="7" count="1" type="cond" truecount="1" falsecount="1"/>
        <line num="14" count="1" type="stmt"/>
        <line num="31" count="1" type="cond" truecount="0" falsecount="1"/>
        <line num="32" count="0" type="stmt"/>
        <line num="35" count="0" type="stmt"/>
        <line num="38" count="1" type="stmt"/>
      </file>
      <file name="storage.ts" path="/home/donovan/Projects/AI/Astro/src/services/storage.ts">
        <metrics statements="73" coveredstatements="61" conditionals="20" coveredconditionals="7" methods="35" coveredmethods="35"/>
        <line num="1" count="1" type="stmt"/>
        <line num="2" count="1" type="stmt"/>
        <line num="3" count="1" type="stmt"/>
        <line num="50" count="1" type="stmt"/>
        <line num="51" count="1" type="stmt"/>
        <line num="55" count="1" type="stmt"/>
        <line num="59" count="1" type="stmt"/>
        <line num="60" count="1" type="stmt"/>
        <line num="61" count="1" type="stmt"/>
        <line num="67" count="1" type="stmt"/>
        <line num="81" count="1" type="stmt"/>
        <line num="92" count="1" type="stmt"/>
        <line num="103" count="1" type="stmt"/>
        <line num="109" count="1" type="stmt"/>
        <line num="115" count="1" type="stmt"/>
        <line num="124" count="1" type="cond" truecount="0" falsecount="1"/>
        <line num="125" count="0" type="stmt"/>
        <line num="128" count="1" type="stmt"/>
        <line num="129" count="1" type="stmt"/>
        <line num="130" count="1" type="cond" truecount="0" falsecount="1"/>
        <line num="131" count="0" type="stmt"/>
        <line num="132" count="0" type="stmt"/>
        <line num="134" count="1" type="stmt"/>
        <line num="135" count="1" type="stmt"/>
        <line num="141" count="18" type="cond" truecount="0" falsecount="1"/>
        <line num="142" count="0" type="stmt"/>
        <line num="144" count="18" type="stmt"/>
        <line num="145" count="18" type="stmt"/>
        <line num="146" count="18" type="cond" truecount="0" falsecount="1"/>
        <line num="147" count="0" type="stmt"/>
        <line num="148" count="0" type="stmt"/>
        <line num="150" count="18" type="stmt"/>
        <line num="156" count="5" type="cond" truecount="0" falsecount="1"/>
        <line num="157" count="0" type="stmt"/>
        <line num="159" count="5" type="stmt"/>
        <line num="160" count="5" type="stmt"/>
        <line num="161" count="5" type="cond" truecount="0" falsecount="1"/>
        <line num="162" count="0" type="stmt"/>
        <line num="163" count="0" type="stmt"/>
        <line num="165" count="5" type="stmt"/>
        <line num="171" count="6" type="cond" truecount="0" falsecount="1"/>
        <line num="172" count="0" type="stmt"/>
        <line num="174" count="6" type="stmt"/>
        <line num="175" count="6" type="stmt"/>
        <line num="176" count="6" type="cond" truecount="0" falsecount="1"/>
        <line num="177" count="0" type="stmt"/>
        <line num="178" count="0" type="stmt"/>
        <line num="180" count="6" type="stmt"/>
        <line num="186" count="2" type="stmt"/>
        <line num="190" count="2" type="stmt"/>
        <line num="194" count="1" type="stmt"/>
        <line num="201" count="1" type="stmt"/>
        <line num="224" count="1" type="stmt"/>
        <line num="225" count="1" type="stmt"/>
        <line num="232" count="2" type="stmt"/>
        <line num="259" count="3" type="stmt"/>
        <line num="263" count="3" type="cond" truecount="1" falsecount="0"/>
        <line num="264" count="2" type="stmt"/>
        <line num="266" count="1" type="stmt"/>
        <line num="274" count="1" type="stmt"/>
        <line num="278" count="2" type="stmt"/>
        <line num="305" count="2" type="stmt"/>
        <line num="306" count="2" type="stmt"/>
        <line num="313" count="1" type="stmt"/>
        <line num="317" count="1" type="stmt"/>
        <line num="324" count="1" type="stmt"/>
        <line num="331" count="1" type="stmt"/>
        <line num="338" count="1" type="stmt"/>
        <line num="339" count="1" type="stmt"/>
        <line num="343" count="1" type="stmt"/>
        <line num="344" count="1" type="stmt"/>
        <line num="348" count="1" type="stmt"/>
        <line num="349" count="1" type="stmt"/>
      </file>
    </package>
  </project>
</coverage>
