{"/home/donovan/Projects/AI/Astro/src/aria/conversation-engine.ts": {"path":"/home/donovan/Projects/AI/Astro/src/aria/conversation-engine.ts","statementMap":{"0":{"start":{"line":1,"column":0},"end":{"line":1,"column":38}},"1":{"start":{"line":60,"column":4},"end":{"line":60,"column":12}},"2":{"start":{"line":50,"column":10},"end":{"line":50,"column":65}},"3":{"start":{"line":51,"column":10},"end":{"line":51,"column":70}},"4":{"start":{"line":61,"column":4},"end":{"line":61,"column":37}},"5":{"start":{"line":62,"column":4},"end":{"line":62,"column":36}},"6":{"start":{"line":63,"column":4},"end":{"line":63,"column":43}},"7":{"start":{"line":64,"column":4},"end":{"line":64,"column":27}},"8":{"start":{"line":71,"column":22},"end":{"line":71,"column":46}},"9":{"start":{"line":72,"column":41},"end":{"line":79,"column":6}},"10":{"start":{"line":81,"column":4},"end":{"line":81,"column":42}},"11":{"start":{"line":82,"column":4},"end":{"line":82,"column":38}},"12":{"start":{"line":84,"column":4},"end":{"line":84,"column":19}},"13":{"start":{"line":100,"column":20},"end":{"line":100,"column":52}},"14":{"start":{"line":101,"column":4},"end":{"line":103,"column":5}},"15":{"start":{"line":102,"column":6},"end":{"line":102,"column":58}},"16":{"start":{"line":106,"column":39},"end":{"line":110,"column":6}},"17":{"start":{"line":111,"column":4},"end":{"line":111,"column":47}},"18":{"start":{"line":113,"column":4},"end":{"line":228,"column":5}},"19":{"start":{"line":115,"column":27},"end":{"line":115,"column":56}},"20":{"start":{"line":116,"column":6},"end":{"line":116,"column":44}},"21":{"start":{"line":117,"column":6},"end":{"line":117,"column":48}},"22":{"start":{"line":118,"column":6},"end":{"line":118,"column":46}},"23":{"start":{"line":123,"column":25},"end":{"line":123,"column":30}},"24":{"start":{"line":124,"column":29},"end":{"line":124,"column":34}},"25":{"start":{"line":128,"column":6},"end":{"line":179,"column":7}},"26":{"start":{"line":130,"column":10},"end":{"line":141,"column":13}},"27":{"start":{"line":142,"column":10},"end":{"line":142,"column":41}},"28":{"start":{"line":143,"column":10},"end":{"line":143,"column":16}},"29":{"start":{"line":146,"column":10},"end":{"line":146,"column":73}},"30":{"start":{"line":147,"column":10},"end":{"line":147,"column":16}},"31":{"start":{"line":150,"column":10},"end":{"line":150,"column":66}},"32":{"start":{"line":151,"column":10},"end":{"line":151,"column":16}},"33":{"start":{"line":154,"column":10},"end":{"line":154,"column":54}},"34":{"start":{"line":155,"column":10},"end":{"line":155,"column":16}},"35":{"start":{"line":158,"column":10},"end":{"line":158,"column":74}},"36":{"start":{"line":159,"column":10},"end":{"line":159,"column":16}},"37":{"start":{"line":162,"column":10},"end":{"line":166,"column":76}},"38":{"start":{"line":167,"column":10},"end":{"line":167,"column":16}},"39":{"start":{"line":170,"column":10},"end":{"line":174,"column":36}},"40":{"start":{"line":174,"column":24},"end":{"line":174,"column":34}},"41":{"start":{"line":175,"column":10},"end":{"line":175,"column":16}},"42":{"start":{"line":178,"column":10},"end":{"line":178,"column":91}},"43":{"start":{"line":182,"column":43},"end":{"line":187,"column":8}},"44":{"start":{"line":188,"column":6},"end":{"line":188,"column":51}},"45":{"start":{"line":189,"column":6},"end":{"line":189,"column":40}},"46":{"start":{"line":192,"column":6},"end":{"line":205,"column":9}},"47":{"start":{"line":207,"column":6},"end":{"line":213,"column":8}},"48":{"start":{"line":215,"column":27},"end":{"line":215,"column":81}},"49":{"start":{"line":216,"column":43},"end":{"line":221,"column":8}},"50":{"start":{"line":222,"column":6},"end":{"line":222,"column":51}},"51":{"start":{"line":223,"column":6},"end":{"line":223,"column":40}},"52":{"start":{"line":225,"column":6},"end":{"line":227,"column":8}},"53":{"start":{"line":235,"column":18},"end":{"line":235,"column":43}},"54":{"start":{"line":238,"column":4},"end":{"line":248,"column":5}},"55":{"start":{"line":243,"column":6},"end":{"line":247,"column":8}},"56":{"start":{"line":251,"column":4},"end":{"line":261,"column":5}},"57":{"start":{"line":256,"column":6},"end":{"line":260,"column":8}},"58":{"start":{"line":264,"column":4},"end":{"line":282,"column":5}},"59":{"start":{"line":270,"column":24},"end":{"line":270,"column":26}},"60":{"start":{"line":271,"column":6},"end":{"line":274,"column":69}},"61":{"start":{"line":271,"column":35},"end":{"line":271,"column":58}},"62":{"start":{"line":272,"column":11},"end":{"line":274,"column":69}},"63":{"start":{"line":272,"column":39},"end":{"line":272,"column":61}},"64":{"start":{"line":273,"column":11},"end":{"line":274,"column":69}},"65":{"start":{"line":273,"column":41},"end":{"line":273,"column":65}},"66":{"start":{"line":274,"column":11},"end":{"line":274,"column":69}},"67":{"start":{"line":274,"column":43},"end":{"line":274,"column":69}},"68":{"start":{"line":276,"column":6},"end":{"line":281,"column":8}},"69":{"start":{"line":285,"column":4},"end":{"line":291,"column":5}},"70":{"start":{"line":286,"column":6},"end":{"line":290,"column":8}},"71":{"start":{"line":294,"column":4},"end":{"line":300,"column":5}},"72":{"start":{"line":295,"column":6},"end":{"line":299,"column":8}},"73":{"start":{"line":302,"column":4},"end":{"line":308,"column":5}},"74":{"start":{"line":303,"column":6},"end":{"line":307,"column":8}},"75":{"start":{"line":312,"column":22},"end":{"line":312,"column":59}},"76":{"start":{"line":316,"column":4},"end":{"line":328,"column":5}},"77":{"start":{"line":317,"column":6},"end":{"line":317,"column":32}},"78":{"start":{"line":318,"column":11},"end":{"line":328,"column":5}},"79":{"start":{"line":319,"column":6},"end":{"line":319,"column":35}},"80":{"start":{"line":322,"column":6},"end":{"line":327,"column":7}},"81":{"start":{"line":323,"column":8},"end":{"line":326,"column":9}},"82":{"start":{"line":324,"column":10},"end":{"line":324,"column":29}},"83":{"start":{"line":325,"column":10},"end":{"line":325,"column":16}},"84":{"start":{"line":331,"column":48},"end":{"line":331,"column":50}},"85":{"start":{"line":333,"column":4},"end":{"line":336,"column":5}},"86":{"start":{"line":334,"column":20},"end":{"line":334,"column":72}},"87":{"start":{"line":335,"column":6},"end":{"line":335,"column":45}},"88":{"start":{"line":335,"column":17},"end":{"line":335,"column":45}},"89":{"start":{"line":338,"column":4},"end":{"line":348,"column":5}},"90":{"start":{"line":340,"column":20},"end":{"line":340,"column":119}},"91":{"start":{"line":341,"column":6},"end":{"line":347,"column":7}},"92":{"start":{"line":342,"column":8},"end":{"line":342,"column":48}},"93":{"start":{"line":345,"column":26},"end":{"line":345,"column":84}},"94":{"start":{"line":346,"column":8},"end":{"line":346,"column":67}},"95":{"start":{"line":346,"column":23},"end":{"line":346,"column":67}},"96":{"start":{"line":350,"column":4},"end":{"line":356,"column":5}},"97":{"start":{"line":351,"column":23},"end":{"line":352,"column":null}},"98":{"start":{"line":354,"column":6},"end":{"line":354,"column":64}},"99":{"start":{"line":354,"column":20},"end":{"line":354,"column":64}},"100":{"start":{"line":355,"column":6},"end":{"line":355,"column":66}},"101":{"start":{"line":358,"column":4},"end":{"line":366,"column":5}},"102":{"start":{"line":359,"column":6},"end":{"line":365,"column":8}},"103":{"start":{"line":369,"column":4},"end":{"line":373,"column":6}},"104":{"start":{"line":391,"column":4},"end":{"line":398,"column":5}},"105":{"start":{"line":392,"column":6},"end":{"line":397,"column":8}},"106":{"start":{"line":401,"column":20},"end":{"line":401,"column":70}},"107":{"start":{"line":402,"column":4},"end":{"line":409,"column":5}},"108":{"start":{"line":403,"column":6},"end":{"line":408,"column":8}},"109":{"start":{"line":412,"column":4},"end":{"line":419,"column":5}},"110":{"start":{"line":413,"column":6},"end":{"line":418,"column":8}},"111":{"start":{"line":422,"column":22},"end":{"line":427,"column":6}},"112":{"start":{"line":429,"column":29},"end":{"line":429,"column":77}},"113":{"start":{"line":431,"column":4},"end":{"line":465,"column":5}},"114":{"start":{"line":433,"column":25},"end":{"line":433,"column":50}},"115":{"start":{"line":434,"column":37},"end":{"line":444,"column":8}},"116":{"start":{"line":445,"column":6},"end":{"line":445,"column":50}},"117":{"start":{"line":446,"column":6},"end":{"line":456,"column":7}},"118":{"start":{"line":447,"column":8},"end":{"line":455,"column":11}},"119":{"start":{"line":458,"column":6},"end":{"line":464,"column":8}},"120":{"start":{"line":468,"column":4},"end":{"line":494,"column":5}},"121":{"start":{"line":469,"column":21},"end":{"line":476,"column":8}},"122":{"start":{"line":478,"column":23},"end":{"line":478,"column":84}},"123":{"start":{"line":479,"column":6},"end":{"line":485,"column":8}},"124":{"start":{"line":487,"column":23},"end":{"line":487,"column":77}},"125":{"start":{"line":488,"column":6},"end":{"line":493,"column":8}},"126":{"start":{"line":504,"column":20},"end":{"line":504,"column":68}},"127":{"start":{"line":506,"column":4},"end":{"line":517,"column":5}},"128":{"start":{"line":507,"column":21},"end":{"line":507,"column":51}},"129":{"start":{"line":508,"column":6},"end":{"line":516,"column":8}},"130":{"start":{"line":513,"column":14},"end":{"line":513,"column":74}},"131":{"start":{"line":519,"column":4},"end":{"line":530,"column":5}},"132":{"start":{"line":520,"column":20},"end":{"line":520,"column":49}},"133":{"start":{"line":521,"column":6},"end":{"line":529,"column":8}},"134":{"start":{"line":526,"column":14},"end":{"line":526,"column":65}},"135":{"start":{"line":532,"column":4},"end":{"line":543,"column":5}},"136":{"start":{"line":533,"column":22},"end":{"line":533,"column":66}},"137":{"start":{"line":534,"column":6},"end":{"line":536,"column":7}},"138":{"start":{"line":535,"column":8},"end":{"line":535,"column":49}},"139":{"start":{"line":537,"column":6},"end":{"line":542,"column":8}},"140":{"start":{"line":540,"column":22},"end":{"line":540,"column":67}},"141":{"start":{"line":545,"column":4},"end":{"line":556,"column":5}},"142":{"start":{"line":546,"column":24},"end":{"line":546,"column":66}},"143":{"start":{"line":547,"column":6},"end":{"line":549,"column":7}},"144":{"start":{"line":548,"column":8},"end":{"line":548,"column":38}},"145":{"start":{"line":550,"column":6},"end":{"line":555,"column":8}},"146":{"start":{"line":553,"column":22},"end":{"line":553,"column":63}},"147":{"start":{"line":558,"column":4},"end":{"line":558,"column":112}},"148":{"start":{"line":568,"column":4},"end":{"line":589,"column":6}},"149":{"start":{"line":596,"column":4},"end":{"line":605,"column":6}},"150":{"start":{"line":616,"column":4},"end":{"line":616,"column":51}},"151":{"start":{"line":631,"column":4},"end":{"line":633,"column":5}},"152":{"start":{"line":632,"column":6},"end":{"line":632,"column":40}},"153":{"start":{"line":635,"column":4},"end":{"line":640,"column":5}},"154":{"start":{"line":636,"column":6},"end":{"line":639,"column":8}},"155":{"start":{"line":643,"column":29},"end":{"line":644,"column":null}},"156":{"start":{"line":644,"column":20},"end":{"line":644,"column":56}},"157":{"start":{"line":646,"column":18},"end":{"line":646,"column":82}},"158":{"start":{"line":647,"column":31},"end":{"line":647,"column":62}},"159":{"start":{"line":648,"column":4},"end":{"line":653,"column":5}},"160":{"start":{"line":649,"column":6},"end":{"line":652,"column":8}},"161":{"start":{"line":655,"column":4},"end":{"line":664,"column":5}},"162":{"start":{"line":656,"column":6},"end":{"line":656,"column":47}},"163":{"start":{"line":657,"column":6},"end":{"line":659,"column":7}},"164":{"start":{"line":658,"column":8},"end":{"line":658,"column":54}},"165":{"start":{"line":660,"column":6},"end":{"line":663,"column":8}},"166":{"start":{"line":667,"column":4},"end":{"line":672,"column":5}},"167":{"start":{"line":668,"column":6},"end":{"line":671,"column":8}},"168":{"start":{"line":674,"column":4},"end":{"line":701,"column":5}},"169":{"start":{"line":675,"column":21},"end":{"line":682,"column":8}},"170":{"start":{"line":684,"column":6},"end":{"line":684,"column":47}},"171":{"start":{"line":685,"column":6},"end":{"line":687,"column":7}},"172":{"start":{"line":686,"column":8},"end":{"line":686,"column":54}},"173":{"start":{"line":689,"column":23},"end":{"line":689,"column":76}},"174":{"start":{"line":690,"column":6},"end":{"line":694,"column":8}},"175":{"start":{"line":696,"column":23},"end":{"line":696,"column":77}},"176":{"start":{"line":697,"column":6},"end":{"line":700,"column":8}},"177":{"start":{"line":708,"column":19},"end":{"line":708,"column":49}},"178":{"start":{"line":709,"column":4},"end":{"line":713,"column":5}},"179":{"start":{"line":710,"column":6},"end":{"line":712,"column":7}},"180":{"start":{"line":711,"column":8},"end":{"line":711,"column":24}},"181":{"start":{"line":714,"column":4},"end":{"line":714,"column":21}},"182":{"start":{"line":721,"column":24},"end":{"line":721,"column":73}},"183":{"start":{"line":723,"column":4},"end":{"line":728,"column":5}},"184":{"start":{"line":724,"column":25},"end":{"line":724,"column":42}},"185":{"start":{"line":725,"column":6},"end":{"line":727,"column":7}},"186":{"start":{"line":726,"column":8},"end":{"line":726,"column":70}},"187":{"start":{"line":730,"column":4},"end":{"line":732,"column":5}},"188":{"start":{"line":731,"column":6},"end":{"line":731,"column":54}},"189":{"start":{"line":734,"column":4},"end":{"line":739,"column":5}},"190":{"start":{"line":735,"column":25},"end":{"line":735,"column":42}},"191":{"start":{"line":736,"column":6},"end":{"line":738,"column":7}},"192":{"start":{"line":737,"column":8},"end":{"line":737,"column":110}},"193":{"start":{"line":741,"column":4},"end":{"line":741,"column":73}},"194":{"start":{"line":748,"column":20},"end":{"line":748,"column":52}},"195":{"start":{"line":749,"column":4},"end":{"line":749,"column":46}},"196":{"start":{"line":756,"column":4},"end":{"line":756,"column":36}},"197":{"start":{"line":757,"column":4},"end":{"line":759,"column":5}},"198":{"start":{"line":758,"column":6},"end":{"line":758,"column":49}},"199":{"start":{"line":763,"column":4},"end":{"line":763,"column":78}},"200":{"start":{"line":767,"column":4},"end":{"line":767,"column":79}},"201":{"start":{"line":771,"column":21},"end":{"line":771,"column":49}},"202":{"start":{"line":772,"column":4},"end":{"line":774,"column":5}},"203":{"start":{"line":773,"column":6},"end":{"line":773,"column":22}},"204":{"start":{"line":776,"column":4},"end":{"line":778,"column":5}},"205":{"start":{"line":777,"column":6},"end":{"line":777,"column":23}},"206":{"start":{"line":780,"column":19},"end":{"line":780,"column":59}},"207":{"start":{"line":781,"column":4},"end":{"line":783,"column":5}},"208":{"start":{"line":782,"column":6},"end":{"line":782,"column":23}},"209":{"start":{"line":785,"column":41},"end":{"line":796,"column":6}},"210":{"start":{"line":789,"column":69},"end":{"line":792,"column":8}},"211":{"start":{"line":798,"column":4},"end":{"line":798,"column":42}},"212":{"start":{"line":799,"column":4},"end":{"line":799,"column":19}},"213":{"start":{"line":803,"column":4},"end":{"line":805,"column":5}},"214":{"start":{"line":804,"column":6},"end":{"line":804,"column":13}},"215":{"start":{"line":806,"column":4},"end":{"line":817,"column":7}},"216":{"start":{"line":810,"column":70},"end":{"line":813,"column":8}},"217":{"start":{"line":821,"column":4},"end":{"line":823,"column":5}},"218":{"start":{"line":822,"column":6},"end":{"line":822,"column":13}},"219":{"start":{"line":824,"column":22},"end":{"line":824,"column":55}},"220":{"start":{"line":825,"column":4},"end":{"line":839,"column":5}},"221":{"start":{"line":826,"column":6},"end":{"line":838,"column":7}},"222":{"start":{"line":827,"column":8},"end":{"line":837,"column":11}},"223":{"start":{"line":46,"column":0},"end":{"line":46,"column":13}}},"fnMap":{"0":{"name":"(anonymous_0)","decl":{"start":{"line":54,"column":2},"end":{"line":54,"column":null}},"loc":{"start":{"line":58,"column":27},"end":{"line":65,"column":3}}},"1":{"name":"(anonymous_1)","decl":{"start":{"line":70,"column":2},"end":{"line":70,"column":19}},"loc":{"start":{"line":70,"column":54},"end":{"line":85,"column":3}}},"2":{"name":"(anonymous_2)","decl":{"start":{"line":90,"column":2},"end":{"line":90,"column":7}},"loc":{"start":{"line":92,"column":23},"end":{"line":229,"column":3}}},"3":{"name":"(anonymous_3)","decl":{"start":{"line":174,"column":17},"end":{"line":174,"column":18}},"loc":{"start":{"line":174,"column":24},"end":{"line":174,"column":34}}},"4":{"name":"(anonymous_4)","decl":{"start":{"line":234,"column":10},"end":{"line":234,"column":21}},"loc":{"start":{"line":234,"column":41},"end":{"line":374,"column":3}}},"5":{"name":"(anonymous_5)","decl":{"start":{"line":379,"column":10},"end":{"line":379,"column":15}},"loc":{"start":{"line":382,"column":23},"end":{"line":495,"column":3}}},"6":{"name":"(anonymous_6)","decl":{"start":{"line":500,"column":10},"end":{"line":500,"column":15}},"loc":{"start":{"line":502,"column":34},"end":{"line":559,"column":3}}},"7":{"name":"(anonymous_7)","decl":{"start":{"line":512,"column":12},"end":{"line":512,"column":13}},"loc":{"start":{"line":513,"column":14},"end":{"line":513,"column":74}}},"8":{"name":"(anonymous_8)","decl":{"start":{"line":525,"column":12},"end":{"line":525,"column":13}},"loc":{"start":{"line":526,"column":14},"end":{"line":526,"column":65}}},"9":{"name":"(anonymous_9)","decl":{"start":{"line":540,"column":15},"end":{"line":540,"column":16}},"loc":{"start":{"line":540,"column":22},"end":{"line":540,"column":67}}},"10":{"name":"(anonymous_10)","decl":{"start":{"line":553,"column":15},"end":{"line":553,"column":16}},"loc":{"start":{"line":553,"column":22},"end":{"line":553,"column":63}}},"11":{"name":"(anonymous_11)","decl":{"start":{"line":564,"column":10},"end":{"line":564,"column":26}},"loc":{"start":{"line":566,"column":35},"end":{"line":590,"column":3}}},"12":{"name":"(anonymous_12)","decl":{"start":{"line":595,"column":10},"end":{"line":595,"column":28}},"loc":{"start":{"line":595,"column":57},"end":{"line":606,"column":3}}},"13":{"name":"(anonymous_13)","decl":{"start":{"line":611,"column":10},"end":{"line":611,"column":15}},"loc":{"start":{"line":613,"column":35},"end":{"line":617,"column":3}}},"14":{"name":"(anonymous_14)","decl":{"start":{"line":622,"column":10},"end":{"line":622,"column":15}},"loc":{"start":{"line":625,"column":21},"end":{"line":702,"column":3}}},"15":{"name":"(anonymous_15)","decl":{"start":{"line":644,"column":6},"end":{"line":644,"column":7}},"loc":{"start":{"line":644,"column":20},"end":{"line":644,"column":56}}},"16":{"name":"(anonymous_16)","decl":{"start":{"line":707,"column":10},"end":{"line":707,"column":23}},"loc":{"start":{"line":707,"column":70},"end":{"line":715,"column":3}}},"17":{"name":"(anonymous_17)","decl":{"start":{"line":720,"column":10},"end":{"line":720,"column":35}},"loc":{"start":{"line":720,"column":69},"end":{"line":742,"column":3}}},"18":{"name":"(anonymous_18)","decl":{"start":{"line":747,"column":2},"end":{"line":747,"column":7}},"loc":{"start":{"line":747,"column":48},"end":{"line":750,"column":3}}},"19":{"name":"(anonymous_19)","decl":{"start":{"line":755,"column":2},"end":{"line":755,"column":17}},"loc":{"start":{"line":755,"column":35},"end":{"line":760,"column":3}}},"20":{"name":"(anonymous_20)","decl":{"start":{"line":762,"column":10},"end":{"line":762,"column":27}},"loc":{"start":{"line":762,"column":27},"end":{"line":764,"column":3}}},"21":{"name":"(anonymous_21)","decl":{"start":{"line":766,"column":10},"end":{"line":766,"column":28}},"loc":{"start":{"line":766,"column":28},"end":{"line":768,"column":3}}},"22":{"name":"(anonymous_22)","decl":{"start":{"line":770,"column":10},"end":{"line":770,"column":15}},"loc":{"start":{"line":770,"column":44},"end":{"line":800,"column":3}}},"23":{"name":"(anonymous_23)","decl":{"start":{"line":789,"column":58},"end":{"line":789,"column":59}},"loc":{"start":{"line":789,"column":69},"end":{"line":792,"column":8}}},"24":{"name":"(anonymous_24)","decl":{"start":{"line":802,"column":10},"end":{"line":802,"column":15}},"loc":{"start":{"line":802,"column":59},"end":{"line":818,"column":3}}},"25":{"name":"(anonymous_25)","decl":{"start":{"line":810,"column":59},"end":{"line":810,"column":60}},"loc":{"start":{"line":810,"column":70},"end":{"line":813,"column":8}}},"26":{"name":"(anonymous_26)","decl":{"start":{"line":820,"column":10},"end":{"line":820,"column":15}},"loc":{"start":{"line":820,"column":36},"end":{"line":840,"column":3}}}},"branchMap":{"0":{"loc":{"start":{"line":78,"column":28},"end":{"line":78,"column":78}},"type":"binary-expr","locations":[{"start":{"line":78,"column":28},"end":{"line":78,"column":68}},{"start":{"line":78,"column":72},"end":{"line":78,"column":78}}]},"1":{"loc":{"start":{"line":101,"column":4},"end":{"line":103,"column":5}},"type":"if","locations":[{"start":{"line":101,"column":4},"end":{"line":103,"column":5}}]},"2":{"loc":{"start":{"line":128,"column":6},"end":{"line":179,"column":7}},"type":"switch","locations":[{"start":{"line":129,"column":8},"end":{"line":143,"column":16}},{"start":{"line":145,"column":8},"end":{"line":147,"column":16}},{"start":{"line":149,"column":8},"end":{"line":151,"column":16}},{"start":{"line":153,"column":8},"end":{"line":155,"column":16}},{"start":{"line":157,"column":8},"end":{"line":159,"column":16}},{"start":{"line":161,"column":8},"end":{"line":167,"column":16}},{"start":{"line":169,"column":8},"end":{"line":175,"column":16}},{"start":{"line":177,"column":8},"end":{"line":178,"column":91}}]},"3":{"loc":{"start":{"line":197,"column":18},"end":{"line":197,"column":57}},"type":"binary-expr","locations":[{"start":{"line":197,"column":18},"end":{"line":197,"column":39}},{"start":{"line":197,"column":43},"end":{"line":197,"column":57}}]},"4":{"loc":{"start":{"line":198,"column":18},"end":{"line":198,"column":59}},"type":"cond-expr","locations":[{"start":{"line":198,"column":37},"end":{"line":198,"column":46}},{"start":{"line":198,"column":49},"end":{"line":198,"column":59}}]},"5":{"loc":{"start":{"line":215,"column":27},"end":{"line":215,"column":81}},"type":"cond-expr","locations":[{"start":{"line":215,"column":52},"end":{"line":215,"column":65}},{"start":{"line":215,"column":68},"end":{"line":215,"column":81}}]},"6":{"loc":{"start":{"line":238,"column":4},"end":{"line":248,"column":5}},"type":"if","locations":[{"start":{"line":238,"column":4},"end":{"line":248,"column":5}}]},"7":{"loc":{"start":{"line":239,"column":6},"end":{"line":241,"column":32}},"type":"binary-expr","locations":[{"start":{"line":239,"column":6},"end":{"line":239,"column":28}},{"start":{"line":240,"column":6},"end":{"line":240,"column":32}},{"start":{"line":241,"column":6},"end":{"line":241,"column":32}}]},"8":{"loc":{"start":{"line":251,"column":4},"end":{"line":261,"column":5}},"type":"if","locations":[{"start":{"line":251,"column":4},"end":{"line":261,"column":5}}]},"9":{"loc":{"start":{"line":252,"column":6},"end":{"line":254,"column":41}},"type":"binary-expr","locations":[{"start":{"line":252,"column":6},"end":{"line":252,"column":30}},{"start":{"line":253,"column":6},"end":{"line":253,"column":41}},{"start":{"line":254,"column":6},"end":{"line":254,"column":41}}]},"10":{"loc":{"start":{"line":264,"column":4},"end":{"line":282,"column":5}},"type":"if","locations":[{"start":{"line":264,"column":4},"end":{"line":282,"column":5}}]},"11":{"loc":{"start":{"line":265,"column":6},"end":{"line":268,"column":31}},"type":"binary-expr","locations":[{"start":{"line":265,"column":6},"end":{"line":265,"column":28}},{"start":{"line":266,"column":6},"end":{"line":266,"column":28}},{"start":{"line":267,"column":6},"end":{"line":267,"column":27}},{"start":{"line":268,"column":6},"end":{"line":268,"column":31}}]},"12":{"loc":{"start":{"line":271,"column":6},"end":{"line":274,"column":69}},"type":"if","locations":[{"start":{"line":271,"column":6},"end":{"line":274,"column":69}},{"start":{"line":272,"column":11},"end":{"line":274,"column":69}}]},"13":{"loc":{"start":{"line":272,"column":11},"end":{"line":274,"column":69}},"type":"if","locations":[{"start":{"line":272,"column":11},"end":{"line":274,"column":69}},{"start":{"line":273,"column":11},"end":{"line":274,"column":69}}]},"14":{"loc":{"start":{"line":273,"column":11},"end":{"line":274,"column":69}},"type":"if","locations":[{"start":{"line":273,"column":11},"end":{"line":274,"column":69}},{"start":{"line":274,"column":11},"end":{"line":274,"column":69}}]},"15":{"loc":{"start":{"line":274,"column":11},"end":{"line":274,"column":69}},"type":"if","locations":[{"start":{"line":274,"column":11},"end":{"line":274,"column":69}}]},"16":{"loc":{"start":{"line":285,"column":4},"end":{"line":291,"column":5}},"type":"if","locations":[{"start":{"line":285,"column":4},"end":{"line":291,"column":5}}]},"17":{"loc":{"start":{"line":285,"column":8},"end":{"line":285,"column":88}},"type":"binary-expr","locations":[{"start":{"line":285,"column":8},"end":{"line":285,"column":32}},{"start":{"line":285,"column":36},"end":{"line":285,"column":57}},{"start":{"line":285,"column":61},"end":{"line":285,"column":88}}]},"18":{"loc":{"start":{"line":294,"column":4},"end":{"line":300,"column":5}},"type":"if","locations":[{"start":{"line":294,"column":4},"end":{"line":300,"column":5}}]},"19":{"loc":{"start":{"line":294,"column":8},"end":{"line":294,"column":58}},"type":"binary-expr","locations":[{"start":{"line":294,"column":8},"end":{"line":294,"column":33}},{"start":{"line":294,"column":37},"end":{"line":294,"column":58}}]},"20":{"loc":{"start":{"line":302,"column":4},"end":{"line":308,"column":5}},"type":"if","locations":[{"start":{"line":302,"column":4},"end":{"line":308,"column":5}}]},"21":{"loc":{"start":{"line":302,"column":8},"end":{"line":302,"column":54}},"type":"binary-expr","locations":[{"start":{"line":302,"column":8},"end":{"line":302,"column":30}},{"start":{"line":302,"column":34},"end":{"line":302,"column":54}}]},"22":{"loc":{"start":{"line":316,"column":4},"end":{"line":328,"column":5}},"type":"if","locations":[{"start":{"line":316,"column":4},"end":{"line":328,"column":5}},{"start":{"line":318,"column":11},"end":{"line":328,"column":5}}]},"23":{"loc":{"start":{"line":318,"column":11},"end":{"line":328,"column":5}},"type":"if","locations":[{"start":{"line":318,"column":11},"end":{"line":328,"column":5}},{"start":{"line":320,"column":11},"end":{"line":328,"column":5}}]},"24":{"loc":{"start":{"line":318,"column":15},"end":{"line":318,"column":91}},"type":"binary-expr","locations":[{"start":{"line":318,"column":15},"end":{"line":318,"column":62}},{"start":{"line":318,"column":66},"end":{"line":318,"column":91}}]},"25":{"loc":{"start":{"line":323,"column":8},"end":{"line":326,"column":9}},"type":"if","locations":[{"start":{"line":323,"column":8},"end":{"line":326,"column":9}}]},"26":{"loc":{"start":{"line":323,"column":12},"end":{"line":323,"column":74}},"type":"binary-expr","locations":[{"start":{"line":323,"column":12},"end":{"line":323,"column":50}},{"start":{"line":323,"column":54},"end":{"line":323,"column":74}}]},"27":{"loc":{"start":{"line":333,"column":4},"end":{"line":336,"column":5}},"type":"if","locations":[{"start":{"line":333,"column":4},"end":{"line":336,"column":5}}]},"28":{"loc":{"start":{"line":335,"column":6},"end":{"line":335,"column":45}},"type":"if","locations":[{"start":{"line":335,"column":6},"end":{"line":335,"column":45}}]},"29":{"loc":{"start":{"line":338,"column":4},"end":{"line":348,"column":5}},"type":"if","locations":[{"start":{"line":338,"column":4},"end":{"line":348,"column":5}}]},"30":{"loc":{"start":{"line":341,"column":6},"end":{"line":347,"column":7}},"type":"if","locations":[{"start":{"line":341,"column":6},"end":{"line":347,"column":7}},{"start":{"line":343,"column":13},"end":{"line":347,"column":7}}]},"31":{"loc":{"start":{"line":346,"column":8},"end":{"line":346,"column":67}},"type":"if","locations":[{"start":{"line":346,"column":8},"end":{"line":346,"column":67}}]},"32":{"loc":{"start":{"line":350,"column":4},"end":{"line":356,"column":5}},"type":"if","locations":[{"start":{"line":350,"column":4},"end":{"line":356,"column":5}}]},"33":{"loc":{"start":{"line":354,"column":6},"end":{"line":354,"column":64}},"type":"if","locations":[{"start":{"line":354,"column":6},"end":{"line":354,"column":64}}]},"34":{"loc":{"start":{"line":354,"column":37},"end":{"line":354,"column":63}},"type":"binary-expr","locations":[{"start":{"line":354,"column":37},"end":{"line":354,"column":48}},{"start":{"line":354,"column":52},"end":{"line":354,"column":63}}]},"35":{"loc":{"start":{"line":355,"column":26},"end":{"line":355,"column":65}},"type":"cond-expr","locations":[{"start":{"line":355,"column":51},"end":{"line":355,"column":57}},{"start":{"line":355,"column":60},"end":{"line":355,"column":65}}]},"36":{"loc":{"start":{"line":358,"column":4},"end":{"line":366,"column":5}},"type":"if","locations":[{"start":{"line":358,"column":4},"end":{"line":366,"column":5}}]},"37":{"loc":{"start":{"line":361,"column":20},"end":{"line":361,"column":68}},"type":"cond-expr","locations":[{"start":{"line":361,"column":57},"end":{"line":361,"column":61}},{"start":{"line":361,"column":64},"end":{"line":361,"column":68}}]},"38":{"loc":{"start":{"line":391,"column":4},"end":{"line":398,"column":5}},"type":"if","locations":[{"start":{"line":391,"column":4},"end":{"line":398,"column":5}}]},"39":{"loc":{"start":{"line":402,"column":4},"end":{"line":409,"column":5}},"type":"if","locations":[{"start":{"line":402,"column":4},"end":{"line":409,"column":5}}]},"40":{"loc":{"start":{"line":412,"column":4},"end":{"line":419,"column":5}},"type":"if","locations":[{"start":{"line":412,"column":4},"end":{"line":419,"column":5}}]},"41":{"loc":{"start":{"line":431,"column":4},"end":{"line":465,"column":5}},"type":"if","locations":[{"start":{"line":431,"column":4},"end":{"line":465,"column":5}}]},"42":{"loc":{"start":{"line":440,"column":20},"end":{"line":440,"column":49}},"type":"binary-expr","locations":[{"start":{"line":440,"column":20},"end":{"line":440,"column":43}},{"start":{"line":440,"column":47},"end":{"line":440,"column":49}}]},"43":{"loc":{"start":{"line":446,"column":6},"end":{"line":456,"column":7}},"type":"if","locations":[{"start":{"line":446,"column":6},"end":{"line":456,"column":7}}]},"44":{"loc":{"start":{"line":452,"column":22},"end":{"line":452,"column":51}},"type":"binary-expr","locations":[{"start":{"line":452,"column":22},"end":{"line":452,"column":45}},{"start":{"line":452,"column":49},"end":{"line":452,"column":51}}]},"45":{"loc":{"start":{"line":472,"column":15},"end":{"line":472,"column":44}},"type":"binary-expr","locations":[{"start":{"line":472,"column":15},"end":{"line":472,"column":38}},{"start":{"line":472,"column":42},"end":{"line":472,"column":44}}]},"46":{"loc":{"start":{"line":474,"column":18},"end":{"line":474,"column":73}},"type":"binary-expr","locations":[{"start":{"line":474,"column":18},"end":{"line":474,"column":63}},{"start":{"line":474,"column":67},"end":{"line":474,"column":73}}]},"47":{"loc":{"start":{"line":487,"column":23},"end":{"line":487,"column":77}},"type":"cond-expr","locations":[{"start":{"line":487,"column":48},"end":{"line":487,"column":61}},{"start":{"line":487,"column":64},"end":{"line":487,"column":77}}]},"48":{"loc":{"start":{"line":504,"column":20},"end":{"line":504,"column":68}},"type":"binary-expr","locations":[{"start":{"line":504,"column":20},"end":{"line":504,"column":62}},{"start":{"line":504,"column":66},"end":{"line":504,"column":68}}]},"49":{"loc":{"start":{"line":506,"column":4},"end":{"line":517,"column":5}},"type":"if","locations":[{"start":{"line":506,"column":4},"end":{"line":517,"column":5}}]},"50":{"loc":{"start":{"line":506,"column":8},"end":{"line":506,"column":43}},"type":"binary-expr","locations":[{"start":{"line":506,"column":8},"end":{"line":506,"column":32}},{"start":{"line":506,"column":36},"end":{"line":506,"column":43}}]},"51":{"loc":{"start":{"line":519,"column":4},"end":{"line":530,"column":5}},"type":"if","locations":[{"start":{"line":519,"column":4},"end":{"line":530,"column":5}}]},"52":{"loc":{"start":{"line":526,"column":30},"end":{"line":526,"column":63}},"type":"binary-expr","locations":[{"start":{"line":526,"column":30},"end":{"line":526,"column":43}},{"start":{"line":526,"column":47},"end":{"line":526,"column":63}}]},"53":{"loc":{"start":{"line":532,"column":4},"end":{"line":543,"column":5}},"type":"if","locations":[{"start":{"line":532,"column":4},"end":{"line":543,"column":5}}]},"54":{"loc":{"start":{"line":534,"column":6},"end":{"line":536,"column":7}},"type":"if","locations":[{"start":{"line":534,"column":6},"end":{"line":536,"column":7}}]},"55":{"loc":{"start":{"line":545,"column":4},"end":{"line":556,"column":5}},"type":"if","locations":[{"start":{"line":545,"column":4},"end":{"line":556,"column":5}}]},"56":{"loc":{"start":{"line":547,"column":6},"end":{"line":549,"column":7}},"type":"if","locations":[{"start":{"line":547,"column":6},"end":{"line":549,"column":7}}]},"57":{"loc":{"start":{"line":603,"column":16},"end":{"line":603,"column":45}},"type":"binary-expr","locations":[{"start":{"line":603,"column":16},"end":{"line":603,"column":35}},{"start":{"line":603,"column":39},"end":{"line":603,"column":45}}]},"58":{"loc":{"start":{"line":631,"column":4},"end":{"line":633,"column":5}},"type":"if","locations":[{"start":{"line":631,"column":4},"end":{"line":633,"column":5}}]},"59":{"loc":{"start":{"line":635,"column":4},"end":{"line":640,"column":5}},"type":"if","locations":[{"start":{"line":635,"column":4},"end":{"line":640,"column":5}}]},"60":{"loc":{"start":{"line":637,"column":45},"end":{"line":637,"column":74}},"type":"cond-expr","locations":[{"start":{"line":637,"column":56},"end":{"line":637,"column":65}},{"start":{"line":637,"column":68},"end":{"line":637,"column":74}}]},"61":{"loc":{"start":{"line":646,"column":18},"end":{"line":646,"column":82}},"type":"binary-expr","locations":[{"start":{"line":646,"column":18},"end":{"line":646,"column":34}},{"start":{"line":646,"column":38},"end":{"line":646,"column":82}}]},"62":{"loc":{"start":{"line":647,"column":31},"end":{"line":647,"column":62}},"type":"binary-expr","locations":[{"start":{"line":647,"column":31},"end":{"line":647,"column":36}},{"start":{"line":647,"column":40},"end":{"line":647,"column":62}}]},"63":{"loc":{"start":{"line":648,"column":4},"end":{"line":653,"column":5}},"type":"if","locations":[{"start":{"line":648,"column":4},"end":{"line":653,"column":5}}]},"64":{"loc":{"start":{"line":648,"column":8},"end":{"line":648,"column":28}},"type":"binary-expr","locations":[{"start":{"line":648,"column":8},"end":{"line":648,"column":19}},{"start":{"line":648,"column":23},"end":{"line":648,"column":28}}]},"65":{"loc":{"start":{"line":650,"column":45},"end":{"line":650,"column":74}},"type":"cond-expr","locations":[{"start":{"line":650,"column":56},"end":{"line":650,"column":65}},{"start":{"line":650,"column":68},"end":{"line":650,"column":74}}]},"66":{"loc":{"start":{"line":655,"column":4},"end":{"line":664,"column":5}},"type":"if","locations":[{"start":{"line":655,"column":4},"end":{"line":664,"column":5}}]},"67":{"loc":{"start":{"line":657,"column":6},"end":{"line":659,"column":7}},"type":"if","locations":[{"start":{"line":657,"column":6},"end":{"line":659,"column":7}}]},"68":{"loc":{"start":{"line":667,"column":4},"end":{"line":672,"column":5}},"type":"if","locations":[{"start":{"line":667,"column":4},"end":{"line":672,"column":5}}]},"69":{"loc":{"start":{"line":667,"column":8},"end":{"line":667,"column":39}},"type":"binary-expr","locations":[{"start":{"line":667,"column":8},"end":{"line":667,"column":22}},{"start":{"line":667,"column":26},"end":{"line":667,"column":39}}]},"70":{"loc":{"start":{"line":678,"column":15},"end":{"line":678,"column":36}},"type":"binary-expr","locations":[{"start":{"line":678,"column":15},"end":{"line":678,"column":30}},{"start":{"line":678,"column":34},"end":{"line":678,"column":36}}]},"71":{"loc":{"start":{"line":680,"column":18},"end":{"line":680,"column":73}},"type":"binary-expr","locations":[{"start":{"line":680,"column":18},"end":{"line":680,"column":63}},{"start":{"line":680,"column":67},"end":{"line":680,"column":73}}]},"72":{"loc":{"start":{"line":685,"column":6},"end":{"line":687,"column":7}},"type":"if","locations":[{"start":{"line":685,"column":6},"end":{"line":687,"column":7}}]},"73":{"loc":{"start":{"line":696,"column":23},"end":{"line":696,"column":77}},"type":"cond-expr","locations":[{"start":{"line":696,"column":48},"end":{"line":696,"column":61}},{"start":{"line":696,"column":64},"end":{"line":696,"column":77}}]},"74":{"loc":{"start":{"line":710,"column":6},"end":{"line":712,"column":7}},"type":"if","locations":[{"start":{"line":710,"column":6},"end":{"line":712,"column":7}}]},"75":{"loc":{"start":{"line":721,"column":24},"end":{"line":721,"column":73}},"type":"binary-expr","locations":[{"start":{"line":721,"column":24},"end":{"line":721,"column":63}},{"start":{"line":721,"column":67},"end":{"line":721,"column":73}}]},"76":{"loc":{"start":{"line":723,"column":4},"end":{"line":728,"column":5}},"type":"if","locations":[{"start":{"line":723,"column":4},"end":{"line":728,"column":5}}]},"77":{"loc":{"start":{"line":725,"column":6},"end":{"line":727,"column":7}},"type":"if","locations":[{"start":{"line":725,"column":6},"end":{"line":727,"column":7}}]},"78":{"loc":{"start":{"line":730,"column":4},"end":{"line":732,"column":5}},"type":"if","locations":[{"start":{"line":730,"column":4},"end":{"line":732,"column":5}}]},"79":{"loc":{"start":{"line":734,"column":4},"end":{"line":739,"column":5}},"type":"if","locations":[{"start":{"line":734,"column":4},"end":{"line":739,"column":5}}]},"80":{"loc":{"start":{"line":736,"column":6},"end":{"line":738,"column":7}},"type":"if","locations":[{"start":{"line":736,"column":6},"end":{"line":738,"column":7}}]},"81":{"loc":{"start":{"line":749,"column":11},"end":{"line":749,"column":45}},"type":"binary-expr","locations":[{"start":{"line":749,"column":11},"end":{"line":749,"column":39}},{"start":{"line":749,"column":43},"end":{"line":749,"column":45}}]},"82":{"loc":{"start":{"line":757,"column":4},"end":{"line":759,"column":5}},"type":"if","locations":[{"start":{"line":757,"column":4},"end":{"line":759,"column":5}}]},"83":{"loc":{"start":{"line":772,"column":4},"end":{"line":774,"column":5}},"type":"if","locations":[{"start":{"line":772,"column":4},"end":{"line":774,"column":5}}]},"84":{"loc":{"start":{"line":776,"column":4},"end":{"line":778,"column":5}},"type":"if","locations":[{"start":{"line":776,"column":4},"end":{"line":778,"column":5}}]},"85":{"loc":{"start":{"line":781,"column":4},"end":{"line":783,"column":5}},"type":"if","locations":[{"start":{"line":781,"column":4},"end":{"line":783,"column":5}}]},"86":{"loc":{"start":{"line":803,"column":4},"end":{"line":805,"column":5}},"type":"if","locations":[{"start":{"line":803,"column":4},"end":{"line":805,"column":5}}]},"87":{"loc":{"start":{"line":821,"column":4},"end":{"line":823,"column":5}},"type":"if","locations":[{"start":{"line":821,"column":4},"end":{"line":823,"column":5}}]},"88":{"loc":{"start":{"line":826,"column":6},"end":{"line":838,"column":7}},"type":"if","locations":[{"start":{"line":826,"column":6},"end":{"line":838,"column":7}}]}},"s":{"0":1,"1":44,"2":44,"3":44,"4":44,"5":44,"6":44,"7":44,"8":39,"9":39,"10":39,"11":39,"12":39,"13":39,"14":39,"15":1,"16":38,"17":38,"18":38,"19":38,"20":38,"21":38,"22":38,"23":38,"24":38,"25":38,"26":7,"27":7,"28":7,"29":18,"30":18,"31":4,"32":4,"33":1,"34":1,"35":1,"36":1,"37":3,"38":3,"39":4,"40":4,"41":4,"42":0,"43":38,"44":38,"45":38,"46":38,"47":38,"48":0,"49":0,"50":0,"51":0,"52":0,"53":38,"54":38,"55":4,"56":34,"57":1,"58":33,"59":13,"60":13,"61":3,"62":10,"63":4,"64":6,"65":2,"66":4,"67":2,"68":13,"69":20,"70":1,"71":19,"72":3,"73":16,"74":4,"75":12,"76":12,"77":4,"78":8,"79":1,"80":7,"81":17,"82":2,"83":2,"84":12,"85":12,"86":2,"87":2,"88":2,"89":12,"90":4,"91":4,"92":4,"93":0,"94":0,"95":0,"96":12,"97":1,"98":1,"99":1,"100":1,"101":12,"102":7,"103":5,"104":7,"105":0,"106":7,"107":7,"108":0,"109":7,"110":1,"111":6,"112":6,"113":6,"114":0,"115":0,"116":0,"117":0,"118":0,"119":0,"120":6,"121":6,"122":6,"123":6,"124":0,"125":0,"126":18,"127":18,"128":10,"129":10,"130":91,"131":8,"132":4,"133":4,"134":12,"135":4,"136":2,"137":2,"138":1,"139":1,"140":1,"141":2,"142":2,"143":2,"144":1,"145":1,"146":1,"147":0,"148":4,"149":1,"150":1,"151":7,"152":7,"153":7,"154":5,"155":2,"156":2,"157":2,"158":2,"159":2,"160":0,"161":2,"162":1,"163":1,"164":1,"165":1,"166":1,"167":0,"168":1,"169":1,"170":1,"171":1,"172":1,"173":1,"174":1,"175":0,"176":0,"177":7,"178":7,"179":13,"180":7,"181":0,"182":7,"183":7,"184":3,"185":3,"186":2,"187":5,"188":3,"189":2,"190":1,"191":1,"192":1,"193":1,"194":4,"195":4,"196":0,"197":0,"198":0,"199":39,"200":0,"201":43,"202":43,"203":41,"204":2,"205":2,"206":0,"207":0,"208":0,"209":0,"210":0,"211":0,"212":0,"213":77,"214":71,"215":6,"216":6,"217":7,"218":5,"219":2,"220":2,"221":2,"222":2,"223":1},"f":{"0":44,"1":39,"2":39,"3":4,"4":38,"5":7,"6":18,"7":91,"8":12,"9":1,"10":1,"11":4,"12":1,"13":1,"14":7,"15":2,"16":7,"17":7,"18":4,"19":0,"20":39,"21":0,"22":43,"23":0,"24":77,"25":6,"26":7},"b":{"0":[39,39],"1":[1],"2":[7,18,4,1,1,3,4,0],"3":[38,31],"4":[0,38],"5":[0,0],"6":[4],"7":[38,34,34],"8":[1],"9":[34,33,33],"10":[13],"11":[33,24,22,20],"12":[3,10],"13":[4,6],"14":[2,4],"15":[2],"16":[1],"17":[20,19,19],"18":[3],"19":[19,18],"20":[4],"21":[16,15],"22":[4,8],"23":[1,7],"24":[8,8],"25":[2],"26":[17,15],"27":[2],"28":[2],"29":[4],"30":[4,0],"31":[0],"32":[1],"33":[1],"34":[1,0],"35":[1,0],"36":[7],"37":[7,0],"38":[0],"39":[0],"40":[1],"41":[0],"42":[0,0],"43":[0],"44":[0,0],"45":[6,0],"46":[6,0],"47":[0,0],"48":[18,7],"49":[10],"50":[18,15],"51":[4],"52":[12,0],"53":[2],"54":[1],"55":[2],"56":[1],"57":[1,1],"58":[7],"59":[5],"60":[2,3],"61":[2,2],"62":[2,0],"63":[0],"64":[2,2],"65":[0,0],"66":[1],"67":[1],"68":[0],"69":[1,1],"70":[1,0],"71":[1,0],"72":[1],"73":[0,0],"74":[7],"75":[7,0],"76":[3],"77":[2],"78":[3],"79":[1],"80":[1],"81":[4,1],"82":[0],"83":[41],"84":[2],"85":[0],"86":[71],"87":[5],"88":[2]}}
,"/home/donovan/Projects/AI/Astro/src/astro/agents.ts": {"path":"/home/donovan/Projects/AI/Astro/src/astro/agents.ts","statementMap":{"0":{"start":{"line":8,"column":13},"end":{"line":96,"column":2}}},"fnMap":{},"branchMap":{},"s":{"0":2},"f":{},"b":{}}
,"/home/donovan/Projects/AI/Astro/src/astro/orchestrator.ts": {"path":"/home/donovan/Projects/AI/Astro/src/astro/orchestrator.ts","statementMap":{"0":{"start":{"line":1,"column":0},"end":{"line":1,"column":38}},"1":{"start":{"line":2,"column":0},"end":{"line":2,"column":36}},"2":{"start":{"line":53,"column":10},"end":{"line":53,"column":57}},"3":{"start":{"line":54,"column":10},"end":{"line":54,"column":55}},"4":{"start":{"line":58,"column":4},"end":{"line":58,"column":38}},"5":{"start":{"line":65,"column":4},"end":{"line":67,"column":5}},"6":{"start":{"line":66,"column":6},"end":{"line":66,"column":80}},"7":{"start":{"line":69,"column":4},"end":{"line":71,"column":5}},"8":{"start":{"line":70,"column":6},"end":{"line":70,"column":66}},"9":{"start":{"line":73,"column":4},"end":{"line":73,"column":34}},"10":{"start":{"line":80,"column":4},"end":{"line":82,"column":5}},"11":{"start":{"line":81,"column":6},"end":{"line":81,"column":72}},"12":{"start":{"line":84,"column":4},"end":{"line":86,"column":5}},"13":{"start":{"line":85,"column":6},"end":{"line":85,"column":59}},"14":{"start":{"line":88,"column":4},"end":{"line":88,"column":39}},"15":{"start":{"line":98,"column":4},"end":{"line":98,"column":80}},"16":{"start":{"line":113,"column":22},"end":{"line":113,"column":30}},"17":{"start":{"line":114,"column":20},"end":{"line":114,"column":44}},"18":{"start":{"line":116,"column":18},"end":{"line":116,"column":49}},"19":{"start":{"line":117,"column":4},"end":{"line":124,"column":5}},"20":{"start":{"line":118,"column":40},"end":{"line":121,"column":8}},"21":{"start":{"line":122,"column":6},"end":{"line":122,"column":40}},"22":{"start":{"line":123,"column":6},"end":{"line":123,"column":35}},"23":{"start":{"line":126,"column":4},"end":{"line":133,"column":5}},"24":{"start":{"line":127,"column":40},"end":{"line":130,"column":8}},"25":{"start":{"line":131,"column":6},"end":{"line":131,"column":40}},"26":{"start":{"line":132,"column":6},"end":{"line":132,"column":35}},"27":{"start":{"line":135,"column":17},"end":{"line":135,"column":48}},"28":{"start":{"line":136,"column":4},"end":{"line":143,"column":5}},"29":{"start":{"line":137,"column":40},"end":{"line":140,"column":8}},"30":{"start":{"line":141,"column":6},"end":{"line":141,"column":40}},"31":{"start":{"line":142,"column":6},"end":{"line":142,"column":35}},"32":{"start":{"line":145,"column":20},"end":{"line":145,"column":30}},"33":{"start":{"line":147,"column":4},"end":{"line":181,"column":5}},"34":{"start":{"line":148,"column":35},"end":{"line":153,"column":8}},"35":{"start":{"line":155,"column":21},"end":{"line":155,"column":62}},"36":{"start":{"line":156,"column":24},"end":{"line":156,"column":44}},"37":{"start":{"line":158,"column":43},"end":{"line":166,"column":8}},"38":{"start":{"line":168,"column":6},"end":{"line":168,"column":43}},"39":{"start":{"line":169,"column":6},"end":{"line":169,"column":21}},"40":{"start":{"line":171,"column":24},"end":{"line":171,"column":44}},"41":{"start":{"line":173,"column":8},"end":{"line":173,"column":74}},"42":{"start":{"line":175,"column":40},"end":{"line":178,"column":8}},"43":{"start":{"line":179,"column":6},"end":{"line":179,"column":40}},"44":{"start":{"line":180,"column":6},"end":{"line":180,"column":35}},"45":{"start":{"line":188,"column":4},"end":{"line":188,"column":44}},"46":{"start":{"line":192,"column":4},"end":{"line":192,"column":43}},"47":{"start":{"line":52,"column":0},"end":{"line":52,"column":13}}},"fnMap":{"0":{"name":"(anonymous_0)","decl":{"start":{"line":57,"column":2},"end":{"line":57,"column":null}},"loc":{"start":{"line":57,"column":2},"end":{"line":59,"column":3}}},"1":{"name":"(anonymous_1)","decl":{"start":{"line":64,"column":2},"end":{"line":64,"column":14}},"loc":{"start":{"line":64,"column":34},"end":{"line":74,"column":3}}},"2":{"name":"(anonymous_2)","decl":{"start":{"line":79,"column":2},"end":{"line":79,"column":15}},"loc":{"start":{"line":79,"column":35},"end":{"line":89,"column":3}}},"3":{"name":"(anonymous_3)","decl":{"start":{"line":94,"column":2},"end":{"line":94,"column":4}},"loc":{"start":{"line":96,"column":35},"end":{"line":99,"column":3}}},"4":{"name":"(anonymous_4)","decl":{"start":{"line":105,"column":2},"end":{"line":105,"column":7}},"loc":{"start":{"line":112,"column":3},"end":{"line":182,"column":3}}},"5":{"name":"(anonymous_5)","decl":{"start":{"line":187,"column":2},"end":{"line":187,"column":12}},"loc":{"start":{"line":187,"column":12},"end":{"line":189,"column":3}}},"6":{"name":"(anonymous_6)","decl":{"start":{"line":191,"column":2},"end":{"line":191,"column":11}},"loc":{"start":{"line":191,"column":11},"end":{"line":193,"column":3}}}},"branchMap":{"0":{"loc":{"start":{"line":65,"column":4},"end":{"line":67,"column":5}},"type":"if","locations":[{"start":{"line":65,"column":4},"end":{"line":67,"column":5}}]},"1":{"loc":{"start":{"line":65,"column":8},"end":{"line":65,"column":55}},"type":"binary-expr","locations":[{"start":{"line":65,"column":8},"end":{"line":65,"column":18}},{"start":{"line":65,"column":22},"end":{"line":65,"column":55}}]},"2":{"loc":{"start":{"line":69,"column":4},"end":{"line":71,"column":5}},"type":"if","locations":[{"start":{"line":69,"column":4},"end":{"line":71,"column":5}}]},"3":{"loc":{"start":{"line":80,"column":4},"end":{"line":82,"column":5}},"type":"if","locations":[{"start":{"line":80,"column":4},"end":{"line":82,"column":5}}]},"4":{"loc":{"start":{"line":80,"column":8},"end":{"line":80,"column":36}},"type":"binary-expr","locations":[{"start":{"line":80,"column":8},"end":{"line":80,"column":19}},{"start":{"line":80,"column":23},"end":{"line":80,"column":36}}]},"5":{"loc":{"start":{"line":84,"column":4},"end":{"line":86,"column":5}},"type":"if","locations":[{"start":{"line":84,"column":4},"end":{"line":86,"column":5}}]},"6":{"loc":{"start":{"line":84,"column":8},"end":{"line":84,"column":65}},"type":"binary-expr","locations":[{"start":{"line":84,"column":8},"end":{"line":84,"column":36}},{"start":{"line":84,"column":40},"end":{"line":84,"column":65}}]},"7":{"loc":{"start":{"line":114,"column":20},"end":{"line":114,"column":44}},"type":"binary-expr","locations":[{"start":{"line":114,"column":20},"end":{"line":114,"column":34}},{"start":{"line":114,"column":38},"end":{"line":114,"column":44}}]},"8":{"loc":{"start":{"line":117,"column":4},"end":{"line":124,"column":5}},"type":"if","locations":[{"start":{"line":117,"column":4},"end":{"line":124,"column":5}}]},"9":{"loc":{"start":{"line":126,"column":4},"end":{"line":133,"column":5}},"type":"if","locations":[{"start":{"line":126,"column":4},"end":{"line":133,"column":5}}]},"10":{"loc":{"start":{"line":136,"column":4},"end":{"line":143,"column":5}},"type":"if","locations":[{"start":{"line":136,"column":4},"end":{"line":143,"column":5}}]},"11":{"loc":{"start":{"line":173,"column":8},"end":{"line":173,"column":74}},"type":"cond-expr","locations":[{"start":{"line":173,"column":31},"end":{"line":173,"column":42}},{"start":{"line":173,"column":45},"end":{"line":173,"column":74}}]}},"s":{"0":3,"1":3,"2":54,"3":54,"4":54,"5":146,"6":1,"7":145,"8":1,"9":144,"10":421,"11":1,"12":420,"13":1,"14":419,"15":4,"16":15,"17":15,"18":15,"19":15,"20":1,"21":1,"22":0,"23":14,"24":2,"25":2,"26":1,"27":12,"28":12,"29":1,"30":1,"31":0,"32":11,"33":11,"34":11,"35":11,"36":11,"37":11,"38":11,"39":11,"40":0,"41":0,"42":0,"43":0,"44":0,"45":21,"46":7,"47":3},"f":{"0":54,"1":146,"2":421,"3":4,"4":15,"5":21,"6":7},"b":{"0":[1],"1":[146,145],"2":[1],"3":[1],"4":[421,420],"5":[1],"6":[420,420],"7":[15,6],"8":[1],"9":[2],"10":[1],"11":[0,0]}}
,"/home/donovan/Projects/AI/Astro/src/astro/tools.ts": {"path":"/home/donovan/Projects/AI/Astro/src/astro/tools.ts","statementMap":{"0":{"start":{"line":13,"column":0},"end":{"line":13,"column":7}},"1":{"start":{"line":63,"column":0},"end":{"line":63,"column":7}},"2":{"start":{"line":142,"column":0},"end":{"line":142,"column":7}},"3":{"start":{"line":213,"column":0},"end":{"line":213,"column":7}},"4":{"start":{"line":259,"column":0},"end":{"line":259,"column":7}},"5":{"start":{"line":312,"column":0},"end":{"line":312,"column":7}},"6":{"start":{"line":346,"column":0},"end":{"line":346,"column":7}},"7":{"start":{"line":382,"column":0},"end":{"line":382,"column":7}},"8":{"start":{"line":418,"column":0},"end":{"line":418,"column":7}},"9":{"start":{"line":445,"column":0},"end":{"line":445,"column":7}},"10":{"start":{"line":477,"column":0},"end":{"line":477,"column":7}},"11":{"start":{"line":521,"column":0},"end":{"line":521,"column":7}},"12":{"start":{"line":565,"column":0},"end":{"line":565,"column":7}},"13":{"start":{"line":603,"column":0},"end":{"line":603,"column":7}},"14":{"start":{"line":1,"column":0},"end":{"line":1,"column":42}},"15":{"start":{"line":2,"column":0},"end":{"line":2,"column":48}},"16":{"start":{"line":3,"column":0},"end":{"line":3,"column":25}},"17":{"start":{"line":4,"column":0},"end":{"line":4,"column":29}},"18":{"start":{"line":8,"column":22},"end":{"line":8,"column":88}},"19":{"start":{"line":17,"column":16},"end":{"line":17,"column":26}},"20":{"start":{"line":18,"column":2},"end":{"line":37,"column":3}},"21":{"start":{"line":19,"column":31},"end":{"line":29,"column":6}},"22":{"start":{"line":30,"column":4},"end":{"line":30,"column":18}},"23":{"start":{"line":32,"column":4},"end":{"line":36,"column":6}},"24":{"start":{"line":44,"column":28},"end":{"line":50,"column":2}},"25":{"start":{"line":53,"column":2},"end":{"line":60,"column":3}},"26":{"start":{"line":54,"column":19},"end":{"line":54,"column":31}},"27":{"start":{"line":55,"column":4},"end":{"line":57,"column":6}},"28":{"start":{"line":56,"column":18},"end":{"line":56,"column":87}},"29":{"start":{"line":59,"column":4},"end":{"line":59,"column":17}},"30":{"start":{"line":67,"column":16},"end":{"line":67,"column":26}},"31":{"start":{"line":69,"column":2},"end":{"line":129,"column":3}},"32":{"start":{"line":70,"column":16},"end":{"line":70,"column":47}},"33":{"start":{"line":71,"column":20},"end":{"line":71,"column":64}},"34":{"start":{"line":72,"column":21},"end":{"line":72,"column":79}},"35":{"start":{"line":73,"column":17},"end":{"line":73,"column":27}},"36":{"start":{"line":75,"column":4},"end":{"line":81,"column":5}},"37":{"start":{"line":76,"column":6},"end":{"line":80,"column":8}},"38":{"start":{"line":83,"column":4},"end":{"line":89,"column":5}},"39":{"start":{"line":84,"column":6},"end":{"line":88,"column":8}},"40":{"start":{"line":91,"column":4},"end":{"line":97,"column":5}},"41":{"start":{"line":92,"column":6},"end":{"line":96,"column":8}},"42":{"start":{"line":99,"column":21},"end":{"line":105,"column":6}},"43":{"start":{"line":107,"column":4},"end":{"line":116,"column":6}},"44":{"start":{"line":118,"column":23},"end":{"line":118,"column":42}},"45":{"start":{"line":119,"column":4},"end":{"line":128,"column":6}},"46":{"start":{"line":139,"column":2},"end":{"line":139,"column":41}},"47":{"start":{"line":146,"column":16},"end":{"line":146,"column":26}},"48":{"start":{"line":148,"column":2},"end":{"line":201,"column":3}},"49":{"start":{"line":149,"column":23},"end":{"line":149,"column":61}},"50":{"start":{"line":151,"column":4},"end":{"line":157,"column":5}},"51":{"start":{"line":152,"column":6},"end":{"line":156,"column":8}},"52":{"start":{"line":159,"column":4},"end":{"line":165,"column":5}},"53":{"start":{"line":160,"column":6},"end":{"line":164,"column":8}},"54":{"start":{"line":169,"column":19},"end":{"line":169,"column":57}},"55":{"start":{"line":171,"column":4},"end":{"line":177,"column":5}},"56":{"start":{"line":172,"column":6},"end":{"line":176,"column":8}},"57":{"start":{"line":179,"column":4},"end":{"line":185,"column":5}},"58":{"start":{"line":180,"column":6},"end":{"line":184,"column":8}},"59":{"start":{"line":187,"column":4},"end":{"line":194,"column":6}},"60":{"start":{"line":196,"column":4},"end":{"line":200,"column":6}},"61":{"start":{"line":217,"column":16},"end":{"line":217,"column":26}},"62":{"start":{"line":218,"column":2},"end":{"line":252,"column":3}},"63":{"start":{"line":219,"column":18},"end":{"line":219,"column":39}},"64":{"start":{"line":220,"column":24},"end":{"line":220,"column":56}},"65":{"start":{"line":222,"column":4},"end":{"line":224,"column":5}},"66":{"start":{"line":223,"column":6},"end":{"line":223,"column":86}},"67":{"start":{"line":227,"column":21},"end":{"line":231,"column":6}},"68":{"start":{"line":234,"column":71},"end":{"line":234,"column":73}},"69":{"start":{"line":235,"column":18},"end":{"line":235,"column":83}},"70":{"start":{"line":237,"column":4},"end":{"line":239,"column":5}},"71":{"start":{"line":238,"column":6},"end":{"line":238,"column":68}},"72":{"start":{"line":241,"column":4},"end":{"line":245,"column":6}},"73":{"start":{"line":247,"column":4},"end":{"line":251,"column":6}},"74":{"start":{"line":263,"column":16},"end":{"line":263,"column":26}},"75":{"start":{"line":264,"column":2},"end":{"line":296,"column":3}},"76":{"start":{"line":265,"column":16},"end":{"line":265,"column":35}},"77":{"start":{"line":266,"column":4},"end":{"line":268,"column":5}},"78":{"start":{"line":267,"column":6},"end":{"line":267,"column":84}},"79":{"start":{"line":270,"column":21},"end":{"line":274,"column":6}},"80":{"start":{"line":277,"column":17},"end":{"line":283,"column":21}},"81":{"start":{"line":285,"column":4},"end":{"line":289,"column":6}},"82":{"start":{"line":291,"column":4},"end":{"line":295,"column":6}},"83":{"start":{"line":304,"column":19},"end":{"line":304,"column":56}},"84":{"start":{"line":305,"column":2},"end":{"line":305,"column":58}},"85":{"start":{"line":316,"column":16},"end":{"line":316,"column":26}},"86":{"start":{"line":317,"column":2},"end":{"line":339,"column":3}},"87":{"start":{"line":318,"column":21},"end":{"line":318,"column":41}},"88":{"start":{"line":319,"column":4},"end":{"line":321,"column":5}},"89":{"start":{"line":320,"column":6},"end":{"line":320,"column":85}},"90":{"start":{"line":322,"column":4},"end":{"line":324,"column":5}},"91":{"start":{"line":323,"column":6},"end":{"line":323,"column":103}},"92":{"start":{"line":326,"column":21},"end":{"line":326,"column":55}},"93":{"start":{"line":327,"column":20},"end":{"line":327,"column":54}},"94":{"start":{"line":328,"column":4},"end":{"line":332,"column":6}},"95":{"start":{"line":334,"column":4},"end":{"line":338,"column":6}},"96":{"start":{"line":350,"column":16},"end":{"line":350,"column":26}},"97":{"start":{"line":351,"column":2},"end":{"line":375,"column":3}},"98":{"start":{"line":352,"column":21},"end":{"line":352,"column":41}},"99":{"start":{"line":353,"column":20},"end":{"line":353,"column":43}},"100":{"start":{"line":354,"column":4},"end":{"line":356,"column":5}},"101":{"start":{"line":355,"column":6},"end":{"line":355,"column":98}},"102":{"start":{"line":357,"column":4},"end":{"line":359,"column":5}},"103":{"start":{"line":358,"column":6},"end":{"line":358,"column":103}},"104":{"start":{"line":361,"column":21},"end":{"line":361,"column":55}},"105":{"start":{"line":362,"column":4},"end":{"line":362,"column":62}},"106":{"start":{"line":363,"column":4},"end":{"line":363,"column":49}},"107":{"start":{"line":364,"column":4},"end":{"line":368,"column":6}},"108":{"start":{"line":370,"column":4},"end":{"line":374,"column":6}},"109":{"start":{"line":386,"column":16},"end":{"line":386,"column":26}},"110":{"start":{"line":387,"column":2},"end":{"line":407,"column":3}},"111":{"start":{"line":388,"column":21},"end":{"line":388,"column":49}},"112":{"start":{"line":389,"column":4},"end":{"line":391,"column":5}},"113":{"start":{"line":390,"column":6},"end":{"line":390,"column":103}},"114":{"start":{"line":393,"column":21},"end":{"line":393,"column":54}},"115":{"start":{"line":394,"column":20},"end":{"line":394,"column":69}},"116":{"start":{"line":395,"column":18},"end":{"line":395,"column":94}},"117":{"start":{"line":395,"column":36},"end":{"line":395,"column":92}},"118":{"start":{"line":396,"column":4},"end":{"line":400,"column":6}},"119":{"start":{"line":402,"column":4},"end":{"line":406,"column":6}},"120":{"start":{"line":422,"column":16},"end":{"line":422,"column":26}},"121":{"start":{"line":423,"column":2},"end":{"line":438,"column":3}},"122":{"start":{"line":424,"column":17},"end":{"line":424,"column":54}},"123":{"start":{"line":425,"column":19},"end":{"line":425,"column":96}},"124":{"start":{"line":426,"column":19},"end":{"line":426,"column":106}},"125":{"start":{"line":427,"column":4},"end":{"line":431,"column":6}},"126":{"start":{"line":433,"column":4},"end":{"line":437,"column":6}},"127":{"start":{"line":449,"column":16},"end":{"line":449,"column":26}},"128":{"start":{"line":450,"column":2},"end":{"line":466,"column":3}},"129":{"start":{"line":451,"column":17},"end":{"line":451,"column":54}},"130":{"start":{"line":452,"column":17},"end":{"line":452,"column":37}},"131":{"start":{"line":453,"column":16},"end":{"line":453,"column":57}},"132":{"start":{"line":454,"column":19},"end":{"line":454,"column":76}},"133":{"start":{"line":455,"column":4},"end":{"line":459,"column":6}},"134":{"start":{"line":461,"column":4},"end":{"line":465,"column":6}},"135":{"start":{"line":481,"column":16},"end":{"line":481,"column":26}},"136":{"start":{"line":482,"column":2},"end":{"line":510,"column":3}},"137":{"start":{"line":483,"column":17},"end":{"line":483,"column":54}},"138":{"start":{"line":484,"column":18},"end":{"line":484,"column":41}},"139":{"start":{"line":487,"column":4},"end":{"line":495,"column":5}},"140":{"start":{"line":488,"column":6},"end":{"line":494,"column":7}},"141":{"start":{"line":489,"column":8},"end":{"line":489,"column":29}},"142":{"start":{"line":490,"column":13},"end":{"line":494,"column":7}},"143":{"start":{"line":491,"column":8},"end":{"line":491,"column":27}},"144":{"start":{"line":493,"column":8},"end":{"line":493,"column":102}},"145":{"start":{"line":497,"column":19},"end":{"line":497,"column":81}},"146":{"start":{"line":498,"column":4},"end":{"line":502,"column":6}},"147":{"start":{"line":504,"column":4},"end":{"line":509,"column":6}},"148":{"start":{"line":525,"column":16},"end":{"line":525,"column":26}},"149":{"start":{"line":526,"column":2},"end":{"line":552,"column":3}},"150":{"start":{"line":527,"column":24},"end":{"line":527,"column":52}},"151":{"start":{"line":528,"column":19},"end":{"line":528,"column":41}},"152":{"start":{"line":531,"column":4},"end":{"line":537,"column":5}},"153":{"start":{"line":532,"column":6},"end":{"line":532,"column":57}},"154":{"start":{"line":533,"column":11},"end":{"line":537,"column":5}},"155":{"start":{"line":534,"column":6},"end":{"line":534,"column":60}},"156":{"start":{"line":536,"column":6},"end":{"line":536,"column":100}},"157":{"start":{"line":539,"column":19},"end":{"line":539,"column":75}},"158":{"start":{"line":540,"column":4},"end":{"line":544,"column":6}},"159":{"start":{"line":547,"column":4},"end":{"line":551,"column":6}},"160":{"start":{"line":559,"column":23},"end":{"line":559,"column":73}},"161":{"start":{"line":569,"column":16},"end":{"line":569,"column":26}},"162":{"start":{"line":570,"column":2},"end":{"line":596,"column":3}},"163":{"start":{"line":571,"column":16},"end":{"line":571,"column":35}},"164":{"start":{"line":572,"column":18},"end":{"line":572,"column":29}},"165":{"start":{"line":573,"column":4},"end":{"line":575,"column":5}},"166":{"start":{"line":574,"column":6},"end":{"line":574,"column":84}},"167":{"start":{"line":577,"column":41},"end":{"line":577,"column":43}},"168":{"start":{"line":578,"column":4},"end":{"line":580,"column":5}},"169":{"start":{"line":579,"column":6},"end":{"line":579,"column":71}},"170":{"start":{"line":581,"column":4},"end":{"line":581,"column":68}},"171":{"start":{"line":582,"column":4},"end":{"line":582,"column":68}},"172":{"start":{"line":583,"column":4},"end":{"line":583,"column":73}},"173":{"start":{"line":585,"column":4},"end":{"line":589,"column":6}},"174":{"start":{"line":591,"column":4},"end":{"line":595,"column":6}},"175":{"start":{"line":607,"column":16},"end":{"line":607,"column":26}},"176":{"start":{"line":608,"column":2},"end":{"line":634,"column":3}},"177":{"start":{"line":609,"column":16},"end":{"line":609,"column":35}},"178":{"start":{"line":611,"column":4},"end":{"line":613,"column":5}},"179":{"start":{"line":612,"column":6},"end":{"line":612,"column":82}},"180":{"start":{"line":615,"column":22},"end":{"line":615,"column":74}},"181":{"start":{"line":616,"column":4},"end":{"line":622,"column":5}},"182":{"start":{"line":617,"column":6},"end":{"line":621,"column":8}},"183":{"start":{"line":623,"column":4},"end":{"line":627,"column":6}},"184":{"start":{"line":629,"column":4},"end":{"line":633,"column":6}}},"fnMap":{"0":{"name":"echoTool","decl":{"start":{"line":13,"column":22},"end":{"line":13,"column":30}},"loc":{"start":{"line":15,"column":22},"end":{"line":38,"column":1}}},"1":{"name":"isWhitelisted","decl":{"start":{"line":52,"column":9},"end":{"line":52,"column":22}},"loc":{"start":{"line":52,"column":34},"end":{"line":61,"column":1}}},"2":{"name":"(anonymous_12)","decl":{"start":{"line":56,"column":6},"end":{"line":56,"column":7}},"loc":{"start":{"line":56,"column":18},"end":{"line":56,"column":87}}},"3":{"name":"httpRequestTool","decl":{"start":{"line":63,"column":22},"end":{"line":63,"column":37}},"loc":{"start":{"line":65,"column":22},"end":{"line":130,"column":1}}},"4":{"name":"isSafeExpression","decl":{"start":{"line":137,"column":9},"end":{"line":137,"column":25}},"loc":{"start":{"line":137,"column":38},"end":{"line":140,"column":1}}},"5":{"name":"mathEvalTool","decl":{"start":{"line":142,"column":22},"end":{"line":142,"column":34}},"loc":{"start":{"line":144,"column":22},"end":{"line":202,"column":1}}},"6":{"name":"webSearchTool","decl":{"start":{"line":213,"column":22},"end":{"line":213,"column":35}},"loc":{"start":{"line":215,"column":22},"end":{"line":253,"column":1}}},"7":{"name":"contentExtractTool","decl":{"start":{"line":259,"column":22},"end":{"line":259,"column":40}},"loc":{"start":{"line":261,"column":22},"end":{"line":297,"column":1}}},"8":{"name":"isPathSafe","decl":{"start":{"line":303,"column":9},"end":{"line":303,"column":19}},"loc":{"start":{"line":303,"column":36},"end":{"line":306,"column":1}}},"9":{"name":"readFileTool","decl":{"start":{"line":312,"column":22},"end":{"line":312,"column":34}},"loc":{"start":{"line":314,"column":22},"end":{"line":340,"column":1}}},"10":{"name":"writeFileTool","decl":{"start":{"line":346,"column":22},"end":{"line":346,"column":35}},"loc":{"start":{"line":348,"column":22},"end":{"line":376,"column":1}}},"11":{"name":"listDirTool","decl":{"start":{"line":382,"column":22},"end":{"line":382,"column":33}},"loc":{"start":{"line":384,"column":22},"end":{"line":408,"column":1}}},"12":{"name":"(anonymous_22)","decl":{"start":{"line":395,"column":30},"end":{"line":395,"column":31}},"loc":{"start":{"line":395,"column":36},"end":{"line":395,"column":92}}},"13":{"name":"gitStatusTool","decl":{"start":{"line":418,"column":22},"end":{"line":418,"column":35}},"loc":{"start":{"line":420,"column":22},"end":{"line":439,"column":1}}},"14":{"name":"gitDiffTool","decl":{"start":{"line":445,"column":22},"end":{"line":445,"column":33}},"loc":{"start":{"line":447,"column":22},"end":{"line":467,"column":1}}},"15":{"name":"runTestsTool","decl":{"start":{"line":477,"column":22},"end":{"line":477,"column":34}},"loc":{"start":{"line":479,"column":22},"end":{"line":511,"column":1}}},"16":{"name":"lintCodeTool","decl":{"start":{"line":521,"column":22},"end":{"line":521,"column":34}},"loc":{"start":{"line":523,"column":22},"end":{"line":553,"column":1}}},"17":{"name":"saveKnowledgeTool","decl":{"start":{"line":565,"column":22},"end":{"line":565,"column":39}},"loc":{"start":{"line":567,"column":22},"end":{"line":597,"column":1}}},"18":{"name":"retrieveKnowledgeTool","decl":{"start":{"line":603,"column":22},"end":{"line":603,"column":43}},"loc":{"start":{"line":605,"column":22},"end":{"line":635,"column":1}}}},"branchMap":{"0":{"loc":{"start":{"line":8,"column":22},"end":{"line":8,"column":88}},"type":"binary-expr","locations":[{"start":{"line":8,"column":22},"end":{"line":8,"column":47}},{"start":{"line":8,"column":51},"end":{"line":8,"column":88}}]},"1":{"loc":{"start":{"line":34,"column":34},"end":{"line":34,"column":84}},"type":"cond-expr","locations":[{"start":{"line":34,"column":59},"end":{"line":34,"column":72}},{"start":{"line":34,"column":75},"end":{"line":34,"column":84}}]},"2":{"loc":{"start":{"line":56,"column":18},"end":{"line":56,"column":87}},"type":"binary-expr","locations":[{"start":{"line":56,"column":18},"end":{"line":56,"column":44}},{"start":{"line":56,"column":48},"end":{"line":56,"column":87}}]},"3":{"loc":{"start":{"line":71,"column":20},"end":{"line":71,"column":64}},"type":"binary-expr","locations":[{"start":{"line":71,"column":20},"end":{"line":71,"column":55}},{"start":{"line":71,"column":59},"end":{"line":71,"column":64}}]},"4":{"loc":{"start":{"line":72,"column":21},"end":{"line":72,"column":79}},"type":"binary-expr","locations":[{"start":{"line":72,"column":21},"end":{"line":72,"column":73}},{"start":{"line":72,"column":77},"end":{"line":72,"column":79}}]},"5":{"loc":{"start":{"line":75,"column":4},"end":{"line":81,"column":5}},"type":"if","locations":[{"start":{"line":75,"column":4},"end":{"line":81,"column":5}}]},"6":{"loc":{"start":{"line":83,"column":4},"end":{"line":89,"column":5}},"type":"if","locations":[{"start":{"line":83,"column":4},"end":{"line":89,"column":5}}]},"7":{"loc":{"start":{"line":91,"column":4},"end":{"line":97,"column":5}},"type":"if","locations":[{"start":{"line":91,"column":4},"end":{"line":97,"column":5}}]},"8":{"loc":{"start":{"line":151,"column":4},"end":{"line":157,"column":5}},"type":"if","locations":[{"start":{"line":151,"column":4},"end":{"line":157,"column":5}}]},"9":{"loc":{"start":{"line":159,"column":4},"end":{"line":165,"column":5}},"type":"if","locations":[{"start":{"line":159,"column":4},"end":{"line":165,"column":5}}]},"10":{"loc":{"start":{"line":171,"column":4},"end":{"line":177,"column":5}},"type":"if","locations":[{"start":{"line":171,"column":4},"end":{"line":177,"column":5}}]},"11":{"loc":{"start":{"line":179,"column":4},"end":{"line":185,"column":5}},"type":"if","locations":[{"start":{"line":179,"column":4},"end":{"line":185,"column":5}}]},"12":{"loc":{"start":{"line":198,"column":40},"end":{"line":198,"column":90}},"type":"cond-expr","locations":[{"start":{"line":198,"column":65},"end":{"line":198,"column":78}},{"start":{"line":198,"column":81},"end":{"line":198,"column":90}}]},"13":{"loc":{"start":{"line":220,"column":24},"end":{"line":220,"column":56}},"type":"binary-expr","locations":[{"start":{"line":220,"column":24},"end":{"line":220,"column":51}},{"start":{"line":220,"column":55},"end":{"line":220,"column":56}}]},"14":{"loc":{"start":{"line":222,"column":4},"end":{"line":224,"column":5}},"type":"if","locations":[{"start":{"line":222,"column":4},"end":{"line":224,"column":5}}]},"15":{"loc":{"start":{"line":237,"column":11},"end":{"line":237,"column":86}},"type":"binary-expr","locations":[{"start":{"line":237,"column":11},"end":{"line":237,"column":55}},{"start":{"line":237,"column":59},"end":{"line":237,"column":86}}]},"16":{"loc":{"start":{"line":249,"column":35},"end":{"line":249,"column":85}},"type":"cond-expr","locations":[{"start":{"line":249,"column":60},"end":{"line":249,"column":73}},{"start":{"line":249,"column":76},"end":{"line":249,"column":85}}]},"17":{"loc":{"start":{"line":266,"column":4},"end":{"line":268,"column":5}},"type":"if","locations":[{"start":{"line":266,"column":4},"end":{"line":268,"column":5}}]},"18":{"loc":{"start":{"line":293,"column":43},"end":{"line":293,"column":93}},"type":"cond-expr","locations":[{"start":{"line":293,"column":68},"end":{"line":293,"column":81}},{"start":{"line":293,"column":84},"end":{"line":293,"column":93}}]},"19":{"loc":{"start":{"line":319,"column":4},"end":{"line":321,"column":5}},"type":"if","locations":[{"start":{"line":319,"column":4},"end":{"line":321,"column":5}}]},"20":{"loc":{"start":{"line":322,"column":4},"end":{"line":324,"column":5}},"type":"if","locations":[{"start":{"line":322,"column":4},"end":{"line":324,"column":5}}]},"21":{"loc":{"start":{"line":336,"column":34},"end":{"line":336,"column":84}},"type":"cond-expr","locations":[{"start":{"line":336,"column":59},"end":{"line":336,"column":72}},{"start":{"line":336,"column":75},"end":{"line":336,"column":84}}]},"22":{"loc":{"start":{"line":354,"column":4},"end":{"line":356,"column":5}},"type":"if","locations":[{"start":{"line":354,"column":4},"end":{"line":356,"column":5}}]},"23":{"loc":{"start":{"line":354,"column":8},"end":{"line":354,"column":42}},"type":"binary-expr","locations":[{"start":{"line":354,"column":8},"end":{"line":354,"column":17}},{"start":{"line":354,"column":21},"end":{"line":354,"column":42}}]},"24":{"loc":{"start":{"line":357,"column":4},"end":{"line":359,"column":5}},"type":"if","locations":[{"start":{"line":357,"column":4},"end":{"line":359,"column":5}}]},"25":{"loc":{"start":{"line":372,"column":35},"end":{"line":372,"column":85}},"type":"cond-expr","locations":[{"start":{"line":372,"column":60},"end":{"line":372,"column":73}},{"start":{"line":372,"column":76},"end":{"line":372,"column":85}}]},"26":{"loc":{"start":{"line":388,"column":21},"end":{"line":388,"column":49}},"type":"binary-expr","locations":[{"start":{"line":388,"column":21},"end":{"line":388,"column":42}},{"start":{"line":388,"column":46},"end":{"line":388,"column":49}}]},"27":{"loc":{"start":{"line":389,"column":4},"end":{"line":391,"column":5}},"type":"if","locations":[{"start":{"line":389,"column":4},"end":{"line":391,"column":5}}]},"28":{"loc":{"start":{"line":395,"column":58},"end":{"line":395,"column":90}},"type":"cond-expr","locations":[{"start":{"line":395,"column":76},"end":{"line":395,"column":81}},{"start":{"line":395,"column":84},"end":{"line":395,"column":90}}]},"29":{"loc":{"start":{"line":404,"column":33},"end":{"line":404,"column":83}},"type":"cond-expr","locations":[{"start":{"line":404,"column":58},"end":{"line":404,"column":71}},{"start":{"line":404,"column":74},"end":{"line":404,"column":83}}]},"30":{"loc":{"start":{"line":424,"column":17},"end":{"line":424,"column":54}},"type":"binary-expr","locations":[{"start":{"line":424,"column":17},"end":{"line":424,"column":37}},{"start":{"line":424,"column":41},"end":{"line":424,"column":54}}]},"31":{"loc":{"start":{"line":435,"column":35},"end":{"line":435,"column":85}},"type":"cond-expr","locations":[{"start":{"line":435,"column":60},"end":{"line":435,"column":73}},{"start":{"line":435,"column":76},"end":{"line":435,"column":85}}]},"32":{"loc":{"start":{"line":451,"column":17},"end":{"line":451,"column":54}},"type":"binary-expr","locations":[{"start":{"line":451,"column":17},"end":{"line":451,"column":37}},{"start":{"line":451,"column":41},"end":{"line":451,"column":54}}]},"33":{"loc":{"start":{"line":453,"column":16},"end":{"line":453,"column":57}},"type":"cond-expr","locations":[{"start":{"line":453,"column":23},"end":{"line":453,"column":44}},{"start":{"line":453,"column":47},"end":{"line":453,"column":57}}]},"34":{"loc":{"start":{"line":463,"column":33},"end":{"line":463,"column":83}},"type":"cond-expr","locations":[{"start":{"line":463,"column":58},"end":{"line":463,"column":71}},{"start":{"line":463,"column":74},"end":{"line":463,"column":83}}]},"35":{"loc":{"start":{"line":483,"column":17},"end":{"line":483,"column":54}},"type":"binary-expr","locations":[{"start":{"line":483,"column":17},"end":{"line":483,"column":37}},{"start":{"line":483,"column":41},"end":{"line":483,"column":54}}]},"36":{"loc":{"start":{"line":487,"column":4},"end":{"line":495,"column":5}},"type":"if","locations":[{"start":{"line":487,"column":4},"end":{"line":495,"column":5}}]},"37":{"loc":{"start":{"line":488,"column":6},"end":{"line":494,"column":7}},"type":"if","locations":[{"start":{"line":488,"column":6},"end":{"line":494,"column":7}},{"start":{"line":490,"column":13},"end":{"line":494,"column":7}}]},"38":{"loc":{"start":{"line":490,"column":13},"end":{"line":494,"column":7}},"type":"if","locations":[{"start":{"line":490,"column":13},"end":{"line":494,"column":7}},{"start":{"line":492,"column":13},"end":{"line":494,"column":7}}]},"39":{"loc":{"start":{"line":490,"column":17},"end":{"line":490,"column":111}},"type":"binary-expr","locations":[{"start":{"line":490,"column":17},"end":{"line":490,"column":60}},{"start":{"line":490,"column":64},"end":{"line":490,"column":111}}]},"40":{"loc":{"start":{"line":507,"column":22},"end":{"line":507,"column":67}},"type":"binary-expr","locations":[{"start":{"line":507,"column":22},"end":{"line":507,"column":50}},{"start":{"line":507,"column":54},"end":{"line":507,"column":67}}]},"41":{"loc":{"start":{"line":527,"column":24},"end":{"line":527,"column":52}},"type":"binary-expr","locations":[{"start":{"line":527,"column":24},"end":{"line":527,"column":45}},{"start":{"line":527,"column":49},"end":{"line":527,"column":52}}]},"42":{"loc":{"start":{"line":531,"column":4},"end":{"line":537,"column":5}},"type":"if","locations":[{"start":{"line":531,"column":4},"end":{"line":537,"column":5}},{"start":{"line":533,"column":11},"end":{"line":537,"column":5}}]},"43":{"loc":{"start":{"line":531,"column":8},"end":{"line":531,"column":73}},"type":"binary-expr","locations":[{"start":{"line":531,"column":8},"end":{"line":531,"column":27}},{"start":{"line":531,"column":32},"end":{"line":531,"column":39}},{"start":{"line":531,"column":43},"end":{"line":531,"column":72}}]},"44":{"loc":{"start":{"line":533,"column":11},"end":{"line":537,"column":5}},"type":"if","locations":[{"start":{"line":533,"column":11},"end":{"line":537,"column":5}},{"start":{"line":535,"column":11},"end":{"line":537,"column":5}}]},"45":{"loc":{"start":{"line":533,"column":15},"end":{"line":533,"column":82}},"type":"binary-expr","locations":[{"start":{"line":533,"column":15},"end":{"line":533,"column":34}},{"start":{"line":533,"column":39},"end":{"line":533,"column":46}},{"start":{"line":533,"column":50},"end":{"line":533,"column":81}}]},"46":{"loc":{"start":{"line":542,"column":22},"end":{"line":542,"column":38}},"type":"binary-expr","locations":[{"start":{"line":542,"column":22},"end":{"line":542,"column":28}},{"start":{"line":542,"column":32},"end":{"line":542,"column":38}}]},"47":{"loc":{"start":{"line":549,"column":22},"end":{"line":549,"column":83}},"type":"binary-expr","locations":[{"start":{"line":549,"column":22},"end":{"line":549,"column":51}},{"start":{"line":549,"column":55},"end":{"line":549,"column":83}}]},"48":{"loc":{"start":{"line":573,"column":4},"end":{"line":575,"column":5}},"type":"if","locations":[{"start":{"line":573,"column":4},"end":{"line":575,"column":5}}]},"49":{"loc":{"start":{"line":578,"column":4},"end":{"line":580,"column":5}},"type":"if","locations":[{"start":{"line":578,"column":4},"end":{"line":580,"column":5}}]},"50":{"loc":{"start":{"line":593,"column":39},"end":{"line":593,"column":89}},"type":"cond-expr","locations":[{"start":{"line":593,"column":64},"end":{"line":593,"column":77}},{"start":{"line":593,"column":80},"end":{"line":593,"column":89}}]},"51":{"loc":{"start":{"line":611,"column":4},"end":{"line":613,"column":5}},"type":"if","locations":[{"start":{"line":611,"column":4},"end":{"line":613,"column":5}}]},"52":{"loc":{"start":{"line":616,"column":4},"end":{"line":622,"column":5}},"type":"if","locations":[{"start":{"line":616,"column":4},"end":{"line":622,"column":5}}]},"53":{"loc":{"start":{"line":619,"column":28},"end":{"line":619,"column":50}},"type":"binary-expr","locations":[{"start":{"line":619,"column":28},"end":{"line":619,"column":42}},{"start":{"line":619,"column":46},"end":{"line":619,"column":50}}]},"54":{"loc":{"start":{"line":631,"column":43},"end":{"line":631,"column":93}},"type":"cond-expr","locations":[{"start":{"line":631,"column":68},"end":{"line":631,"column":81}},{"start":{"line":631,"column":84},"end":{"line":631,"column":93}}]}},"s":{"0":4,"1":4,"2":4,"3":4,"4":4,"5":4,"6":4,"7":4,"8":4,"9":4,"10":4,"11":4,"12":4,"13":4,"14":4,"15":4,"16":4,"17":4,"18":4,"19":8,"20":8,"21":8,"22":8,"23":0,"24":4,"25":6,"26":6,"27":5,"28":22,"29":1,"30":7,"31":7,"32":7,"33":7,"34":7,"35":7,"36":7,"37":1,"38":6,"39":2,"40":4,"41":1,"42":3,"43":2,"44":1,"45":1,"46":11,"47":12,"48":12,"49":12,"50":12,"51":1,"52":11,"53":1,"54":10,"55":8,"56":0,"57":8,"58":2,"59":6,"60":2,"61":3,"62":3,"63":3,"64":3,"65":3,"66":1,"67":2,"68":1,"69":1,"70":1,"71":1,"72":1,"73":1,"74":3,"75":3,"76":3,"77":3,"78":1,"79":2,"80":1,"81":1,"82":1,"83":9,"84":9,"85":4,"86":4,"87":4,"88":4,"89":1,"90":3,"91":1,"92":2,"93":2,"94":1,"95":1,"96":4,"97":4,"98":4,"99":4,"100":4,"101":1,"102":3,"103":1,"104":2,"105":2,"106":1,"107":1,"108":1,"109":3,"110":3,"111":3,"112":3,"113":1,"114":2,"115":2,"116":1,"117":2,"118":1,"119":1,"120":2,"121":2,"122":2,"123":2,"124":1,"125":1,"126":1,"127":3,"128":3,"129":3,"130":3,"131":3,"132":3,"133":2,"134":1,"135":5,"136":5,"137":5,"138":5,"139":5,"140":4,"141":2,"142":2,"143":1,"144":1,"145":4,"146":3,"147":1,"148":6,"149":6,"150":6,"151":6,"152":6,"153":3,"154":3,"155":2,"156":1,"157":5,"158":4,"159":1,"160":4,"161":4,"162":4,"163":4,"164":4,"165":4,"166":1,"167":3,"168":3,"169":1,"170":3,"171":3,"172":2,"173":2,"174":1,"175":5,"176":5,"177":5,"178":5,"179":1,"180":4,"181":3,"182":2,"183":1,"184":1},"f":{"0":8,"1":6,"2":22,"3":7,"4":11,"5":12,"6":3,"7":3,"8":9,"9":4,"10":4,"11":3,"12":2,"13":2,"14"
[...]
},"end":{"line":268,"column":5}}]},"12":{"loc":{"start":{"line":269,"column":4},"end":{"line":271,"column":5}},"type":"if","locations":[{"start":{"line":269,"column":4},"end":{"line":271,"column":5}}]},"13":{"loc":{"start":{"line":272,"column":4},"end":{"line":274,"column":5}},"type":"if","locations":[{"start":{"line":272,"column":4},"end":{"line":274,"column":5}}]},"14":{"loc":{"start":{"line":275,"column":4},"end":{"line":277,"column":5}},"type":"if","locations":[{"start":{"line":275,"column":4},"end":{"line":277,"column":5}}]},"15":{"loc":{"start":{"line":307,"column":6},"end":{"line":309,"column":7}},"type":"if","locations":[{"start":{"line":307,"column":6},"end":{"line":309,"column":7}}]},"16":{"loc":{"start":{"line":323,"column":4},"end":{"line":325,"column":5}},"type":"if","locations":[{"start":{"line":323,"column":4},"end":{"line":325,"column":5}}]},"17":{"loc":{"start":{"line":323,"column":8},"end":{"line":323,"column":38}},"type":"binary-expr","locations":[{"start":{"line":323,"column":8},"end":{"line":323,"column":21}},{"start":{"line":323,"column":25},"end":{"line":323,"column":38}}]},"18":{"loc":{"start":{"line":340,"column":11},"end":{"line":340,"column":38}},"type":"binary-expr","locations":[{"start":{"line":340,"column":11},"end":{"line":340,"column":30}},{"start":{"line":340,"column":34},"end":{"line":340,"column":38}}]}},"s":{"0":2,"1":2,"2":2,"3":57,"4":57,"5":57,"6":57,"7":0,"8":0,"9":0,"10":0,"11":0,"12":0,"13":0,"14":0,"15":0,"16":0,"17":30,"18":30,"19":0,"20":30,"21":13,"22":13,"23":1,"24":13,"25":1,"26":13,"27":13,"28":5,"29":13,"30":46,"31":46,"32":46,"33":46,"34":46,"35":46,"36":46,"37":0,"38":46,"39":5,"40":1,"41":4,"42":4,"43":1,"44":2,"45":4,"46":0,"47":0,"48":4,"49":0,"50":0,"51":4,"52":0,"53":0,"54":4,"55":0,"56":0,"57":4,"58":2,"59":2,"60":2,"61":2,"62":2,"63":1,"64":2,"65":4,"66":2,"67":2,"68":10,"69":0,"70":2},"f":{"0":57,"1":0,"2":0,"3":30,"4":13,"5":46,"6":5,"7":2,"8":0,"9":0,"10":0,"11":0,"12":2,"13":4,"14":10,"15":0},"b":{"0":[0],"1":[0,0],"2":[0],"3":[1],"4":[1],"5":[13,5],"6":[5],"7":[46,0],"8":[0],"9":[1],"10":[1],"11":[0],"12":[0],"13":[0],"14":[0],"15":[1],"16":[2],"17":[4,3],"18":[0,0]}}
,"/home/donovan/Projects/AI/Astro/src/services/logger.ts": {"path":"/home/donovan/Projects/AI/Astro/src/services/logger.ts","statementMap":{"0":{"start":{"line":1,"column":0},"end":{"line":1,"column":30}},"1":{"start":{"line":3,"column":17},"end":{"line":3,"column":48}},"2":{"start":{"line":4,"column":18},"end":{"line":4,"column":50}},"3":{"start":{"line":7,"column":2},"end":{"line":11,"column":null}},"4":{"start":{"line":14,"column":13},"end":{"line":29,"column":3}},"5":{"start":{"line":31,"column":0},"end":{"line":36,"column":1}},"6":{"start":{"line":32,"column":2},"end":{"line":34,"column":4}},"7":{"start":{"line":35,"column":2},"end":{"line":35,"column":77}},"8":{"start":{"line":38,"column":0},"end":{"line":38,"column":22}}},"fnMap":{},"branchMap":{"0":{"loc":{"start":{"line":3,"column":17},"end":{"line":3,"column":48}},"type":"binary-expr","locations":[{"start":{"line":3,"column":17},"end":{"line":3,"column":38}},{"start":{"line":3,"column":42},"end":{"line":3,"column":48}}]},"1":{"loc":{"start":{"line":4,"column":18},"end":{"line":4,"column":50}},"type":"binary-expr","locations":[{"start":{"line":4,"column":18},"end":{"line":4,"column":40}},{"start":{"line":4,"column":44},"end":{"line":4,"column":50}}]},"2":{"loc":{"start":{"line":7,"column":2},"end":{"line":11,"column":null}},"type":"cond-expr","locations":[{"start":{"line":8,"column":6},"end":{"line":8,"column":27}},{"start":{"line":9,"column":6},"end":{"line":11,"column":null}}]},"3":{"loc":{"start":{"line":23,"column":13},"end":{"line":23,"column":42}},"type":"binary-expr","locations":[{"start":{"line":23,"column":13},"end":{"line":23,"column":32}},{"start":{"line":23,"column":36},"end":{"line":23,"column":42}}]},"4":{"loc":{"start":{"line":24,"column":17},"end":{"line":24,"column":54}},"type":"binary-expr","locations":[{"start":{"line":24,"column":17},"end":{"line":24,"column":37}},{"start":{"line":24,"column":41},"end":{"line":24,"column":54}}]},"5":{"loc":{"start":{"line":31,"column":0},"end":{"line":36,"column":1}},"type":"if","locations":[{"start":{"line":31,"column":0},"end":{"line":36,"column":1}}]}},"s":{"0":1,"1":1,"2":1,"3":1,"4":1,"5":1,"6":0,"7":0,"8":1},"f":{},"b":{"0":[1,0],"1":[1,1],"2":[1,0],"3":[1,1],"4":[1,0],"5":[0]}}
,"/home/donovan/Projects/AI/Astro/src/services/storage.ts": {"path":"/home/donovan/Projects/AI/Astro/src/services/storage.ts","statementMap":{"0":{"start":{"line":1,"column":0},"end":{"line":1,"column":30}},"1":{"start":{"line":2,"column":0},"end":{"line":2,"column":24}},"2":{"start":{"line":3,"column":0},"end":{"line":3,"column":36}},"3":{"start":{"line":51,"column":10},"end":{"line":51,"column":45}},"4":{"start":{"line":55,"column":4},"end":{"line":55,"column":25}},"5":{"start":{"line":59,"column":4},"end":{"line":59,"column":67}},"6":{"start":{"line":60,"column":4},"end":{"line":60,"column":22}},"7":{"start":{"line":61,"column":4},"end":{"line":66,"column":7}},"8":{"start":{"line":67,"column":4},"end":{"line":80,"column":7}},"9":{"start":{"line":81,"column":4},"end":{"line":91,"column":7}},"10":{"start":{"line":92,"column":4},"end":{"line":102,"column":7}},"11":{"start":{"line":103,"column":4},"end":{"line":108,"column":7}},"12":{"start":{"line":109,"column":4},"end":{"line":114,"column":7}},"13":{"start":{"line":115,"column":4},"end":{"line":120,"column":7}},"14":{"start":{"line":124,"column":4},"end":{"line":126,"column":5}},"15":{"start":{"line":125,"column":6},"end":{"line":125,"column":13}},"16":{"start":{"line":128,"column":4},"end":{"line":137,"column":7}},"17":{"start":{"line":129,"column":17},"end":{"line":136,"column":8}},"18":{"start":{"line":130,"column":8},"end":{"line":133,"column":9}},"19":{"start":{"line":131,"column":10},"end":{"line":131,"column":22}},"20":{"start":{"line":132,"column":10},"end":{"line":132,"column":17}},"21":{"start":{"line":134,"column":8},"end":{"line":134,"column":21}},"22":{"start":{"line":135,"column":8},"end":{"line":135,"column":18}},"23":{"start":{"line":141,"column":4},"end":{"line":143,"column":5}},"24":{"start":{"line":142,"column":6},"end":{"line":142,"column":50}},"25":{"start":{"line":144,"column":4},"end":{"line":152,"column":7}},"26":{"start":{"line":145,"column":6},"end":{"line":151,"column":9}},"27":{"start":{"line":146,"column":8},"end":{"line":149,"column":9}},"28":{"start":{"line":147,"column":10},"end":{"line":147,"column":22}},"29":{"start":{"line":148,"column":10},"end":{"line":148,"column":17}},"30":{"start":{"line":150,"column":8},"end":{"line":150,"column":18}},"31":{"start":{"line":156,"column":4},"end":{"line":158,"column":5}},"32":{"start":{"line":157,"column":6},"end":{"line":157,"column":50}},"33":{"start":{"line":159,"column":4},"end":{"line":167,"column":7}},"34":{"start":{"line":160,"column":6},"end":{"line":166,"column":9}},"35":{"start":{"line":161,"column":8},"end":{"line":164,"column":9}},"36":{"start":{"line":162,"column":10},"end":{"line":162,"column":22}},"37":{"start":{"line":163,"column":10},"end":{"line":163,"column":17}},"38":{"start":{"line":165,"column":8},"end":{"line":165,"column":38}},"39":{"start":{"line":171,"column":4},"end":{"line":173,"column":5}},"40":{"start":{"line":172,"column":6},"end":{"line":172,"column":50}},"41":{"start":{"line":174,"column":4},"end":{"line":182,"column":7}},"42":{"start":{"line":175,"column":6},"end":{"line":181,"column":9}},"43":{"start":{"line":176,"column":8},"end":{"line":179,"column":9}},"44":{"start":{"line":177,"column":10},"end":{"line":177,"column":22}},"45":{"start":{"line":178,"column":10},"end":{"line":178,"column":17}},"46":{"start":{"line":180,"column":8},"end":{"line":180,"column":29}},"47":{"start":{"line":186,"column":16},"end":{"line":188,"column":null}},"48":{"start":{"line":190,"column":4},"end":{"line":190,"column":22}},"49":{"start":{"line":194,"column":4},"end":{"line":197,"column":6}},"50":{"start":{"line":201,"column":4},"end":{"line":220,"column":6}},"51":{"start":{"line":224,"column":17},"end":{"line":224,"column":98}},"52":{"start":{"line":225,"column":4},"end":{"line":228,"column":8}},"53":{"start":{"line":225,"column":30},"end":{"line":228,"column":6}},"54":{"start":{"line":232,"column":4},"end":{"line":255,"column":6}},"55":{"start":{"line":259,"column":16},"end":{"line":261,"column":null}},"56":{"start":{"line":263,"column":4},"end":{"line":265,"column":5}},"57":{"start":{"line":264,"column":6},"end":{"line":264,"column":23}},"58":{"start":{"line":266,"column":4},"end":{"line":270,"column":6}},"59":{"start":{"line":274,"column":4},"end":{"line":274,"column":76}},"60":{"start":{"line":278,"column":4},"end":{"line":301,"column":6}},"61":{"start":{"line":305,"column":17},"end":{"line":305,"column":97}},"62":{"start":{"line":306,"column":4},"end":{"line":309,"column":8}},"63":{"start":{"line":306,"column":30},"end":{"line":309,"column":6}},"64":{"start":{"line":313,"column":4},"end":{"line":313,"column":79}},"65":{"start":{"line":317,"column":4},"end":{"line":320,"column":6}},"66":{"start":{"line":324,"column":4},"end":{"line":327,"column":6}},"67":{"start":{"line":331,"column":4},"end":{"line":334,"column":6}},"68":{"start":{"line":338,"column":17},"end":{"line":338,"column":83}},"69":{"start":{"line":339,"column":4},"end":{"line":339,"column":54}},"70":{"start":{"line":339,"column":29},"end":{"line":339,"column":52}},"71":{"start":{"line":343,"column":17},"end":{"line":343,"column":85}},"72":{"start":{"line":344,"column":4},"end":{"line":344,"column":54}},"73":{"start":{"line":344,"column":29},"end":{"line":344,"column":52}},"74":{"start":{"line":348,"column":17},"end":{"line":348,"column":93}},"75":{"start":{"line":349,"column":4},"end":{"line":349,"column":54}},"76":{"start":{"line":349,"column":29},"end":{"line":349,"column":52}},"77":{"start":{"line":50,"column":0},"end":{"line":50,"column":13}}},"fnMap":{"0":{"name":"(anonymous_1)","decl":{"start":{"line":54,"column":2},"end":{"line":54,"column":14}},"loc":{"start":{"line":54,"column":28},"end":{"line":56,"column":3}}},"1":{"name":"(anonymous_2)","decl":{"start":{"line":58,"column":2},"end":{"line":58,"column":7}},"loc":{"start":{"line":58,"column":12},"end":{"line":121,"column":3}}},"2":{"name":"(anonymous_3)","decl":{"start":{"line":123,"column":10},"end":{"line":123,"column":15}},"loc":{"start":{"line":123,"column":20},"end":{"line":138,"column":3}}},"3":{"name":"(anonymous_4)","decl":{"start":{"line":128,"column":28},"end":{"line":128,"column":29}},"loc":{"start":{"line":128,"column":48},"end":{"line":137,"column":5}}},"4":{"name":"(anonymous_5)","decl":{"start":{"line":129,"column":51},"end":{"line":129,"column":52}},"loc":{"start":{"line":129,"column":59},"end":{"line":136,"column":7}}},"5":{"name":"(anonymous_6)","decl":{"start":{"line":140,"column":10},"end":{"line":140,"column":15}},"loc":{"start":{"line":140,"column":60},"end":{"line":153,"column":3}}},"6":{"name":"(anonymous_7)","decl":{"start":{"line":144,"column":28},"end":{"line":144,"column":29}},"loc":{"start":{"line":144,"column":48},"end":{"line":152,"column":5}}},"7":{"name":"(anonymous_8)","decl":{"start":{"line":145,"column":32},"end":{"line":145,"column":33}},"loc":{"start":{"line":145,"column":40},"end":{"line":151,"column":7}}},"8":{"name":"(anonymous_9)","decl":{"start":{"line":155,"column":10},"end":{"line":155,"column":15}},"loc":{"start":{"line":155,"column":63},"end":{"line":168,"column":3}}},"9":{"name":"(anonymous_10)","decl":{"start":{"line":159,"column":38},"end":{"line":159,"column":39}},"loc":{"start":{"line":159,"column":58},"end":{"line":167,"column":5}}},"10":{"name":"(anonymous_11)","decl":{"start":{"line":160,"column":32},"end":{"line":160,"column":33}},"loc":{"start":{"line":160,"column":45},"end":{"line":166,"column":7}}},"11":{"name":"(anonymous_12)","decl":{"start":{"line":170,"column":10},"end":{"line":170,"column":15}},"loc":{"start":{"line":170,"column":63},"end":{"line":183,"column":3}}},"12":{"name":"(anonymous_13)","decl":{"start":{"line":174,"column":28},"end":{"line":174,"column":29}},"loc":{"start":{"line":174,"column":48},"end":{"line":182,"column":5}}},"13":{"name":"(anonymous_14)","decl":{"start":{"line":175,"column":32},"end":{"line":175,"column":33}},"loc":{"start":{"line":175,"column":46},"end":{"line":181,"column":7}}},"14":{"name":"(anonymous_15)","decl":{"start":{"line":185,"column":2},"end":{"line":185,"column":7}},"loc":{"start":{"line":185,"column":30},"end":{"line":191,"column":3}}},"15":{"name":"(anonymous_16)","decl":{"start":{"line":193,"column":2},"end":{"line":193,"column":7}},"loc":{"start":{"line":193,"column":45},"end":{"line":198,"column":3}}},"16":{"name":"(anonymous_17)","decl":{"start":{"line":200,"column":2},"end":{"line":200,"column":7}},"loc":{"start":{"line":200,"column":44},"end":{"line":221,"column":3}}},"17":{"name":"(anonymous_18)","decl":{"start":{"line":223,"column":2},"end":{"line":223,"column":7}},"loc":{"start":{"line":223,"column":20},"end":{"line":229,"column":3}}},"18":{"name":"(anonymous_19)","decl":{"start":{"line":225,"column":20},"end":{"line":225,"column":21}},"loc":{"start":{"line":225,"column":30},"end":{"line":228,"column":6}}},"19":{"name":"(anonymous_20)","decl":{"start":{"line":231,"column":2},"end":{"line":231,"column":7}},"loc":{"start":{"line":231,"column":42},"end":{"line":256,"column":3}}},"20":{"name":"(anonymous_21)","decl":{"start":{"line":258,"column":2},"end":{"line":258,"column":7}},"loc":{"start":{"line":258,"column":36},"end":{"line":271,"column":3}}},"21":{"name":"(anonymous_22)","decl":{"start":{"line":273,"column":2},"end":{"line":273,"column":7}},"loc":{"start":{"line":273,"column":39},"end":{"line":275,"column":3}}},"22":{"name":"(anonymous_23)","decl":{"start":{"line":277,"column":2},"end":{"line":277,"column":7}},"loc":{"start":{"line":277,"column":45},"end":{"line":302,"column":3}}},"23":{"name":"(anonymous_24)","decl":{"start":{"line":304,"column":2},"end":{"line":304,"column":7}},"loc":{"start":{"line":304,"column":20},"end":{"line":310,"column":3}}},"24":{"name":"(anonymous_25)","decl":{"start":{"line":306,"column":20},"end":{"line":306,"column":21}},"loc":{"start":{"line":306,"column":30},"end":{"line":309,"column":6}}},"25":{"name":"(anonymous_26)","decl":{"start":{"line":312,"column":2},"end":{"line":312,"column":7}},"loc":{"start":{"line":312,"column":41},"end":{"line":314,"column":3}}},"26":{"name":"(anonymous_27)","decl":{"start":{"line":316,"column":2},"end":{"line":316,"column":7}},"loc":{"start":{"line":316,"column":47},"end":{"line":321,"column":3}}},"27":{"name":"(anonymous_28)","decl":{"start":{"line":323,"column":2},"end":{"line":323,"column":7}},"loc":{"start":{"line":323,"column":49},"end":{"line":328,"column":3}}},"28":{"name":"(anonymous_29)","decl":{"start":{"line":330,"column":2},"end":{"line":330,"column":7}},"loc":{"start":{"line":330,"column":55},"end":{"line":335,"column":3}}},"29":{"name":"(anonymous_30)","decl":{"start":{"line":337,"column":2},"end":{"line":337,"column":7}},"loc":{"start":{"line":337,"column":19},"end":{"line":340,"column":3}}},"30":{"name":"(anonymous_31)","decl":{"start":{"line":339,"column":20},"end":{"line":339,"column":21}},"loc":{"start":{"line":339,"column":29},"end":{"line":339,"column":52}}},"31":{"name":"(anonymous_32)","decl":{"start":{"line":342,"column":2},"end":{"line":342,"column":7}},"loc":{"start":{"line":342,"column":21},"end":{"line":345,"column":3}}},"32":{"name":"(anonymous_33)","decl":{"start":{"line":344,"column":20},"end":{"line":344,"column":21}},"loc":{"start":{"line":344,"column":29},"end":{"line":344,"column":52}}},"33":{"name":"(anonymous_34)","decl":{"start":{"line":347,"column":2},"end":{"line":347,"column":7}},"loc":{"start":{"line":347,"column":28},"end":{"line":350,"column":3}}},"34":{"name":"(anonymous_35)","decl":{"start":{"line":349,"column":20},"end":{"line":349,"column":21}},"loc":{"start":{"line":349,"column":29},"end":{"line":349,"column":52}}}},"branchMap":{"0":{"loc":{"start":{"line":124,"column":4},"end":{"line":126,"column":5}},"type":"if","locations":[{"start":{"line":124,"column":4},"end":{"line":126,"column":5}}]},"1":{"loc":{"start":{"line":130,"column":8},"end":{"line":133,"column":9}},"type":"if","locations":[{"start":{"line":130,"column":8},"end":{"line":133,"column":9}}]},"2":{"loc":{"start":{"line":140,"column":33},"end":{"line":140,"column":60}},"type":"default-arg","locations":[{"start":{"line":140,"column":58},"end":{"line":140,"column":60}}]},"3":{"loc":{"start":{"line":141,"column":4},"end":{"line":143,"column":5}},"type":"if","locations":[{"start":{"line":141,"column":4},"end":{"line":143,"column":5}}]},"4":{"loc":{"start":{"line":146,"column":8},"end":{"line":149,"column":9}},"type":"if","locations":[{"start":{"line":146,"column":8},"end":{"line":149,"column":9}}]},"5":{"loc":{"start":{"line":155,"column":36},"end":{"line":155,"column":63}},"type":"default-arg","locations":[{"start":{"line":155,"column":61},"end":{"line":155,"column":63}}]},"6":{"loc":{"start":{"line":156,"column":4},"end":{"line":158,"column":5}},"type":"if","locations":[{"start":{"line":156,"column":4},"end":{"line":158,"column":5}}]},"7":{"loc":{"start":{"line":161,"column":8},"end":{"line":164,"column":9}},"type":"if","locations":[{"start":{"line":161,"column":8},"end":{"line":164,"column":9}}]},"8":{"loc":{"start":{"line":170,"column":36},"end":{"line":170,"column":63}},"type":"default-arg","locations":[{"start":{"line":170,"column":61},"end":{"line":170,"column":63}}]},"9":{"loc":{"start":{"line":171,"column":4},"end":{"line":173,"column":5}},"type":"if","locations":[{"start":{"line":171,"column":4},"end":{"line":173,"column":5}}]},"10":{"loc":{"start":{"line":176,"column":8},"end":{"line":179,"column":9}},"type":"if","locations":[{"start":{"line":176,"column":8},"end":{"line":179,"column":9}}]},"11":{"loc":{"start":{"line":216,"column":8},"end":{"line":216,"column":31}},"type":"binary-expr","locations":[{"start":{"line":216,"column":8},"end":{"line":216,"column":23}},{"start":{"line":216,"column":27},"end":{"line":216,"column":31}}]},"12":{"loc":{"start":{"line":217,"column":8},"end":{"line":217,"column":62}},"type":"cond-expr","locations":[{"start":{"line":217,"column":25},"end":{"line":217,"column":55}},{"start":{"line":217,"column":58},"end":{"line":217,"column":62}}]},"13":{"loc":{"start":{"line":227,"column":16},"end":{"line":227,"column":88}},"type":"cond-expr","locations":[{"start":{"line":227,"column":31},"end":{"line":227,"column":76}},{"start":{"line":227,"column":79},"end":{"line":227,"column":88}}]},"14":{"loc":{"start":{"line":251,"column":8},"end":{"line":251,"column":35}},"type":"binary-expr","locations":[{"start":{"line":251,"column":8},"end":{"line":251,"column":27}},{"start":{"line":251,"column":31},"end":{"line":251,"column":35}}]},"15":{"loc":{"start":{"line":263,"column":4},"end":{"line":265,"column":5}},"type":"if","locations":[{"start":{"line":263,"column":4},"end":{"line":265,"column":5}}]}},"s":{"0":1,"1":1,"2":1,"3":1,"4":1,"5":1,"6":1,"7":1,"8":1,"9":1,"10":1,"11":1,"12":1,"13":1,"14":1,"15":0,"16":1,"17":1,"18":1,"19":0,"20":0,"21":1,"22":1,"23":18,"24":0,"25":18,"26":18,"27":18,"28":0,"29":0,"30":18,"31":5,"32":0,"33":5,"34":5,"35":5,"36":0,"37":0,"38":5,"39":6,"40":0,"41":6,"42":6,"43":6,"44":0,"45":0,"46":6,"47":2,"48":2,"49":1,"50":1,"51":1,"52":1,"53":1,"54":2,"55":3,"56":3,"57":2,"58":1,"59":1,"60":2,"61":2,"62":2,"63":2,"64":1,"65":1,"66":1,"67":1,"68":1,"69":1,"70":1,"71":1,"72":1,"73":1,"74":1,"75":1,"76":1,"77":1},"f":{"0":1,"1":1,"2":1,"3":1,"4":1,"5":18,"6":18,"7":18,"8":5,"9":5,"10":5,"11":6,"12":6,"13":6,"14":2,"15":1,"16":1,"17":1,"18":1,"19":2,"20":3,"21":1,"22":2,"23":2,"24":2,"25":1,"26":1,"27":1,"28":1,"29":1,"30":1,"31":1,"32":1,"33":1,"34":1},"b":{"0":[0],"1":[0],"2":[7],"3":[0],"4":[0],"5":[0],"6":[0],"7":[0],"8":[6],"9":[0],"10":[0],"11":[1,0],"12":[1,0],"13":[1,0],"14":[2,0],"15":[2]}}
}
