TN:
SF:src/aria/conversation-engine.ts
FN:54,(anonymous_0)
FN:70,(anonymous_1)
FN:90,(anonymous_2)
FN:174,(anonymous_3)
FN:234,(anonymous_4)
FN:379,(anonymous_5)
FN:500,(anonymous_6)
FN:512,(anonymous_7)
FN:525,(anonymous_8)
FN:540,(anonymous_9)
FN:553,(anonymous_10)
FN:564,(anonymous_11)
FN:595,(anonymous_12)
FN:611,(anonymous_13)
FN:622,(anonymous_14)
FN:644,(anonymous_15)
FN:707,(anonymous_16)
FN:720,(anonymous_17)
FN:747,(anonymous_18)
FN:755,(anonymous_19)
FN:762,(anonymous_20)
FN:766,(anonymous_21)
FN:770,(anonymous_22)
FN:789,(anonymous_23)
FN:802,(anonymous_24)
FN:810,(anonymous_25)
FN:820,(anonymous_26)
FNF:27
FNH:24
FNDA:44,(anonymous_0)
FNDA:39,(anonymous_1)
FNDA:39,(anonymous_2)
FNDA:4,(anonymous_3)
FNDA:38,(anonymous_4)
FNDA:7,(anonymous_5)
FNDA:18,(anonymous_6)
FNDA:91,(anonymous_7)
FNDA:12,(anonymous_8)
FNDA:1,(anonymous_9)
FNDA:1,(anonymous_10)
FNDA:4,(anonymous_11)
FNDA:1,(anonymous_12)
FNDA:1,(anonymous_13)
FNDA:7,(anonymous_14)
FNDA:2,(anonymous_15)
FNDA:7,(anonymous_16)
FNDA:7,(anonymous_17)
FNDA:4,(anonymous_18)
FNDA:0,(anonymous_19)
FNDA:39,(anonymous_20)
FNDA:0,(anonymous_21)
FNDA:43,(anonymous_22)
FNDA:0,(anonymous_23)
FNDA:77,(anonymous_24)
FNDA:6,(anonymous_25)
FNDA:7,(anonymous_26)
DA:1,1
DA:46,1
DA:50,44
DA:51,44
DA:60,44
DA:61,44
DA:62,44
DA:63,44
DA:64,44
DA:71,39
DA:72,39
DA:81,39
DA:82,39
DA:84,39
DA:100,39
DA:101,39
DA:102,1
DA:106,38
DA:111,38
DA:113,38
DA:115,38
DA:116,38
DA:117,38
DA:118,38
DA:123,38
DA:124,38
DA:128,38
DA:130,7
DA:142,7
DA:143,7
DA:146,18
DA:147,18
DA:150,4
DA:151,4
DA:154,1
DA:155,1
DA:158,1
DA:159,1
DA:162,3
DA:167,3
DA:170,4
DA:174,4
DA:175,4
DA:178,0
DA:182,38
DA:188,38
DA:189,38
DA:192,38
DA:207,38
DA:215,0
DA:216,0
DA:222,0
DA:223,0
DA:225,0
DA:235,38
DA:238,38
DA:243,4
DA:251,34
DA:256,1
DA:264,33
DA:270,13
DA:271,13
DA:272,10
DA:273,6
DA:274,4
DA:276,13
DA:285,20
DA:286,1
DA:294,19
DA:295,3
DA:302,16
DA:303,4
DA:312,12
DA:316,12
DA:317,4
DA:318,8
DA:319,1
DA:322,7
DA:323,17
DA:324,2
DA:325,2
DA:331,12
DA:333,12
DA:334,2
DA:335,2
DA:338,12
DA:340,4
DA:341,4
DA:342,4
DA:345,0
DA:346,0
DA:350,12
DA:351,1
DA:354,1
DA:355,1
DA:358,12
DA:359,7
DA:369,5
DA:391,7
DA:392,0
DA:401,7
DA:402,7
DA:403,0
DA:412,7
DA:413,1
DA:422,6
DA:429,6
DA:431,6
DA:433,0
DA:434,0
DA:445,0
DA:446,0
DA:447,0
DA:458,0
DA:468,6
DA:469,6
DA:478,6
DA:479,6
DA:487,0
DA:488,0
DA:504,18
DA:506,18
DA:507,10
DA:508,10
DA:513,91
DA:519,8
DA:520,4
DA:521,4
DA:526,12
DA:532,4
DA:533,2
DA:534,2
DA:535,1
DA:537,1
DA:540,1
DA:545,2
DA:546,2
DA:547,2
DA:548,1
DA:550,1
DA:553,1
DA:558,0
DA:568,4
DA:596,1
DA:616,1
DA:631,7
DA:632,7
DA:635,7
DA:636,5
DA:643,2
DA:644,2
DA:646,2
DA:647,2
DA:648,2
DA:649,0
DA:655,2
DA:656,1
DA:657,1
DA:658,1
DA:660,1
DA:667,1
DA:668,0
DA:674,1
DA:675,1
DA:684,1
DA:685,1
DA:686,1
DA:689,1
DA:690,1
DA:696,0
DA:697,0
DA:708,7
DA:709,7
DA:710,13
DA:711,7
DA:714,0
DA:721,7
DA:723,7
DA:724,3
DA:725,3
DA:726,2
DA:730,5
DA:731,3
DA:734,2
DA:735,1
DA:736,1
DA:737,1
DA:741,1
DA:748,4
DA:749,4
DA:756,0
DA:757,0
DA:758,0
DA:763,39
DA:767,0
DA:771,43
DA:772,43
DA:773,41
DA:776,2
DA:777,2
DA:780,0
DA:781,0
DA:782,0
DA:785,0
DA:789,0
DA:798,0
DA:799,0
DA:803,77
DA:804,71
DA:806,6
DA:810,6
DA:821,7
DA:822,5
DA:824,2
DA:825,2
DA:826,2
DA:827,2
LF:217
LH:182
BRDA:78,0,0,39
BRDA:78,0,1,39
BRDA:101,1,0,1
BRDA:128,2,0,7
BRDA:128,2,1,18
BRDA:128,2,2,4
BRDA:128,2,3,1
BRDA:128,2,4,1
BRDA:128,2,5,3
BRDA:128,2,6,4
BRDA:128,2,7,0
BRDA:197,3,0,38
BRDA:197,3,1,31
BRDA:198,4,0,0
BRDA:198,4,1,38
BRDA:215,5,0,0
BRDA:215,5,1,0
BRDA:238,6,0,4
BRDA:239,7,0,38
BRDA:239,7,1,34
BRDA:239,7,2,34
BRDA:251,8,0,1
BRDA:252,9,0,34
BRDA:252,9,1,33
BRDA:252,9,2,33
BRDA:264,10,0,13
BRDA:265,11,0,33
BRDA:265,11,1,24
BRDA:265,11,2,22
BRDA:265,11,3,20
BRDA:271,12,0,3
BRDA:271,12,1,10
BRDA:272,13,0,4
BRDA:272,13,1,6
BRDA:273,14,0,2
BRDA:273,14,1,4
BRDA:274,15,0,2
BRDA:285,16,0,1
BRDA:285,17,0,20
BRDA:285,17,1,19
BRDA:285,17,2,19
BRDA:294,18,0,3
BRDA:294,19,0,19
BRDA:294,19,1,18
BRDA:302,20,0,4
BRDA:302,21,0,16
BRDA:302,21,1,15
BRDA:316,22,0,4
BRDA:316,22,1,8
BRDA:318,23,0,1
BRDA:318,23,1,7
BRDA:318,24,0,8
BRDA:318,24,1,8
BRDA:323,25,0,2
BRDA:323,26,0,17
BRDA:323,26,1,15
BRDA:333,27,0,2
BRDA:335,28,0,2
BRDA:338,29,0,4
BRDA:341,30,0,4
BRDA:341,30,1,0
BRDA:346,31,0,0
BRDA:350,32,0,1
BRDA:354,33,0,1
BRDA:354,34,0,1
BRDA:354,34,1,0
BRDA:355,35,0,1
BRDA:355,35,1,0
BRDA:358,36,0,7
BRDA:361,37,0,7
BRDA:361,37,1,0
BRDA:391,38,0,0
BRDA:402,39,0,0
BRDA:412,40,0,1
BRDA:431,41,0,0
BRDA:440,42,0,0
BRDA:440,42,1,0
BRDA:446,43,0,0
BRDA:452,44,0,0
BRDA:452,44,1,0
BRDA:472,45,0,6
BRDA:472,45,1,0
BRDA:474,46,0,6
BRDA:474,46,1,0
BRDA:487,47,0,0
BRDA:487,47,1,0
BRDA:504,48,0,18
BRDA:504,48,1,7
BRDA:506,49,0,10
BRDA:506,50,0,18
BRDA:506,50,1,15
BRDA:519,51,0,4
BRDA:526,52,0,12
BRDA:526,52,1,0
BRDA:532,53,0,2
BRDA:534,54,0,1
BRDA:545,55,0,2
BRDA:547,56,0,1
BRDA:603,57,0,1
BRDA:603,57,1,1
BRDA:631,58,0,7
BRDA:635,59,0,5
BRDA:637,60,0,2
BRDA:637,60,1,3
BRDA:646,61,0,2
BRDA:646,61,1,2
BRDA:647,62,0,2
BRDA:647,62,1,0
BRDA:648,63,0,0
BRDA:648,64,0,2
BRDA:648,64,1,2
BRDA:650,65,0,0
BRDA:650,65,1,0
BRDA:655,66,0,1
BRDA:657,67,0,1
BRDA:667,68,0,0
BRDA:667,69,0,1
BRDA:667,69,1,1
BRDA:678,70,0,1
BRDA:678,70,1,0
BRDA:680,71,0,1
BRDA:680,71,1,0
BRDA:685,72,0,1
BRDA:696,73,0,0
BRDA:696,73,1,0
BRDA:710,74,0,7
BRDA:721,75,0,7
BRDA:721,75,1,0
BRDA:723,76,0,3
BRDA:725,77,0,2
BRDA:730,78,0,3
BRDA:734,79,0,1
BRDA:736,80,0,1
BRDA:749,81,0,4
BRDA:749,81,1,1
BRDA:757,82,0,0
BRDA:772,83,0,41
BRDA:776,84,0,2
BRDA:781,85,0,0
BRDA:803,86,0,71
BRDA:821,87,0,5
BRDA:826,88,0,2
BRF:142
BRH:108
end_of_record
TN:
SF:src/astro/agents.ts
FNF:0
FNH:0
DA:8,2
LF:1
LH:1
BRF:0
BRH:0
end_of_record
TN:
SF:src/astro/orchestrator.ts
FN:57,(anonymous_0)
FN:64,(anonymous_1)
FN:79,(anonymous_2)
FN:94,(anonymous_3)
FN:105,(anonymous_4)
FN:187,(anonymous_5)
FN:191,(anonymous_6)
FNF:7
FNH:7
FNDA:54,(anonymous_0)
FNDA:146,(anonymous_1)
FNDA:421,(anonymous_2)
FNDA:4,(anonymous_3)
FNDA:15,(anonymous_4)
FNDA:21,(anonymous_5)
FNDA:7,(anonymous_6)
DA:1,3
DA:2,3
DA:52,3
DA:53,54
DA:54,54
DA:58,54
DA:65,146
DA:66,1
DA:69,145
DA:70,1
DA:73,144
DA:80,421
DA:81,1
DA:84,420
DA:85,1
DA:88,419
DA:98,4
DA:113,15
DA:114,15
DA:116,15
DA:117,15
DA:118,1
DA:122,1
DA:123,0
DA:126,14
DA:127,2
DA:131,2
DA:132,1
DA:135,12
DA:136,12
DA:137,1
DA:141,1
DA:142,0
DA:145,11
DA:147,11
DA:148,11
DA:155,11
DA:156,11
DA:158,11
DA:168,11
DA:169,11
DA:171,0
DA:173,0
DA:175,0
DA:179,0
DA:180,0
DA:188,21
DA:192,7
LF:48
LH:41
BRDA:65,0,0,1
BRDA:65,1,0,146
BRDA:65,1,1,145
BRDA:69,2,0,1
BRDA:80,3,0,1
BRDA:80,4,0,421
BRDA:80,4,1,420
BRDA:84,5,0,1
BRDA:84,6,0,420
BRDA:84,6,1,420
BRDA:114,7,0,15
BRDA:114,7,1,6
BRDA:117,8,0,1
BRDA:126,9,0,2
BRDA:136,10,0,1
BRDA:173,11,0,0
BRDA:173,11,1,0
BRF:17
BRH:15
end_of_record
TN:
SF:src/astro/tools.ts
FN:13,echoTool
FN:52,isWhitelisted
FN:56,(anonymous_12)
FN:63,httpRequestTool
FN:137,isSafeExpression
FN:142,mathEvalTool
FN:213,webSearchTool
FN:259,contentExtractTool
FN:303,isPathSafe
FN:312,readFileTool
FN:346,writeFileTool
FN:382,listDirTool
FN:395,(anonymous_22)
FN:418,gitStatusTool
FN:445,gitDiffTool
FN:477,runTestsTool
FN:521,lintCodeTool
FN:565,saveKnowledgeTool
FN:603,retrieveKnowledgeTool
FNF:19
FNH:19
FNDA:8,echoTool
FNDA:6,isWhitelisted
FNDA:22,(anonymous_12)
FNDA:7,httpRequestTool
FNDA:11,isSafeExpression
FNDA:12,mathEvalTool
FNDA:3,webSearchTool
FNDA:3,contentExtractTool
FNDA:9,isPathSafe
FNDA:4,readFileTool
FNDA:4,writeFileTool
FNDA:3,listDirTool
FNDA:2,(anonymous_22)
FNDA:2,gitStatusTool
FNDA:3,gitDiffTool
FNDA:5,runTestsTool
FNDA:6,lintCodeTool
FNDA:4,saveKnowledgeTool
FNDA:5,retrieveKnowledgeTool
DA:1,4
DA:2,4
DA:3,4
DA:4,4
DA:8,4
DA:13,4
DA:17,8
DA:18,8
DA:19,8
DA:30,8
DA:32,0
DA:44,4
DA:53,6
DA:54,6
DA:55,5
DA:56,22
DA:59,1
DA:63,4
DA:67,7
DA:69,7
DA:70,7
DA:71,7
DA:72,7
DA:73,7
DA:75,7
DA:76,1
DA:83,6
DA:84,2
DA:91,4
DA:92,1
DA:99,3
DA:107,2
DA:118,1
DA:119,1
DA:139,11
DA:142,4
DA:146,12
DA:148,12
DA:149,12
DA:151,12
DA:152,1
DA:159,11
DA:160,1
DA:169,10
DA:171,8
DA:172,0
DA:179,8
DA:180,2
DA:187,6
DA:196,2
DA:213,4
DA:217,3
DA:218,3
DA:219,3
DA:220,3
DA:222,3
DA:223,1
DA:227,2
DA:234,1
DA:235,1
DA:237,1
DA:238,1
DA:241,1
DA:247,1
DA:259,4
DA:263,3
DA:264,3
DA:265,3
DA:266,3
DA:267,1
DA:270,2
DA:277,1
DA:285,1
DA:291,1
DA:304,9
DA:305,9
DA:312,4
DA:316,4
DA:317,4
DA:318,4
DA:319,4
DA:320,1
DA:322,3
DA:323,1
DA:326,2
DA:327,2
DA:328,1
DA:334,1
DA:346,4
DA:350,4
DA:351,4
DA:352,4
DA:353,4
DA:354,4
DA:355,1
DA:357,3
DA:358,1
DA:361,2
DA:362,2
DA:363,1
DA:364,1
DA:370,1
DA:382,4
DA:386,3
DA:387,3
DA:388,3
DA:389,3
DA:390,1
DA:393,2
DA:394,2
DA:395,2
DA:396,1
DA:402,1
DA:418,4
DA:422,2
DA:423,2
DA:424,2
DA:425,2
DA:426,1
DA:427,1
DA:433,1
DA:445,4
DA:449,3
DA:450,3
DA:451,3
DA:452,3
DA:453,3
DA:454,3
DA:455,2
DA:461,1
DA:477,4
DA:481,5
DA:482,5
DA:483,5
DA:484,5
DA:487,5
DA:488,4
DA:489,2
DA:490,2
DA:491,1
DA:493,1
DA:497,4
DA:498,3
DA:504,1
DA:521,4
DA:525,6
DA:526,6
DA:527,6
DA:528,6
DA:531,6
DA:532,3
DA:533,3
DA:534,2
DA:536,1
DA:539,5
DA:540,4
DA:547,1
DA:559,4
DA:565,4
DA:569,4
DA:570,4
DA:571,4
DA:572,4
DA:573,4
DA:574,1
DA:577,3
DA:578,3
DA:579,1
DA:581,3
DA:582,3
DA:583,2
DA:585,2
DA:591,1
DA:603,4
DA:607,5
DA:608,5
DA:609,5
DA:611,5
DA:612,1
DA:615,4
DA:616,3
DA:617,2
DA:623,1
DA:629,1
LF:184
LH:182
BRDA:8,0,0,4
BRDA:8,0,1,4
BRDA:34,1,0,0
BRDA:34,1,1,0
BRDA:56,2,0,22
BRDA:56,2,1,18
BRDA:71,3,0,7
BRDA:71,3,1,1
BRDA:72,4,0,7
BRDA:72,4,1,7
BRDA:75,5,0,1
BRDA:83,6,0,2
BRDA:91,7,0,1
BRDA:151,8,0,1
BRDA:159,9,0,1
BRDA:171,10,0,0
BRDA:179,11,0,2
BRDA:198,12,0,2
BRDA:198,12,1,0
BRDA:220,13,0,3
BRDA:220,13,1,3
BRDA:222,14,0,1
BRDA:237,15,0,2
BRDA:237,15,1,1
BRDA:249,16,0,1
BRDA:249,16,1,0
BRDA:266,17,0,1
BRDA:293,18,0,1
BRDA:293,18,1,0
BRDA:319,19,0,1
BRDA:322,20,0,1
BRDA:336,21,0,1
BRDA:336,21,1,0
BRDA:354,22,0,1
BRDA:354,23,0,4
BRDA:354,23,1,4
BRDA:357,24,0,1
BRDA:372,25,0,1
BRDA:372,25,1,0
BRDA:388,26,0,3
BRDA:388,26,1,0
BRDA:389,27,0,1
BRDA:395,28,0,1
BRDA:395,28,1,1
BRDA:404,29,0,1
BRDA:404,29,1,0
BRDA:424,30,0,2
BRDA:424,30,1,2
BRDA:435,31,0,1
BRDA:435,31,1,0
BRDA:451,32,0,3
BRDA:451,32,1,3
BRDA:453,33,0,1
BRDA:453,33,1,2
BRDA:463,34,0,1
BRDA:463,34,1,0
BRDA:483,35,0,5
BRDA:483,35,1,5
BRDA:487,36,0,4
BRDA:488,37,0,2
BRDA:488,37,1,2
BRDA:490,38,0,1
BRDA:490,38,1,1
BRDA:490,39,0,2
BRDA:490,39,1,1
BRDA:507,40,0,1
BRDA:507,40,1,0
BRDA:527,41,0,6
BRDA:527,41,1,5
BRDA:531,42,0,3
BRDA:531,42,1,3
BRDA:531,43,0,6
BRDA:531,43,1,5
BRDA:531,43,2,4
BRDA:533,44,0,2
BRDA:533,44,1,1
BRDA:533,45,0,3
BRDA:533,45,1,2
BRDA:533,45,2,2
BRDA:542,46,0,4
BRDA:542,46,1,2
BRDA:549,47,0,1
BRDA:549,47,1,0
BRDA:573,48,0,1
BRDA:578,49,0,1
BRDA:593,50,0,1
BRDA:593,50,1,0
BRDA:611,51,0,1
BRDA:616,52,0,2
BRDA:619,53,0,2
BRDA:619,53,1,1
BRDA:631,54,0,1
BRDA:631,54,1,0
BRF:93
BRH:77
end_of_record
TN:
SF:src/codi3/threat-intelligence.ts
FN:57,(anonymous_0)
FN:61,(anonymous_1)
FN:67,(anonymous_2)
FN:76,(anonymous_3)
FN:81,(anonymous_4)
FN:89,(anonymous_5)
FN:97,(anonymous_6)
FN:122,(anonymous_7)
FN:156,(anonymous_8)
FN:175,(anonymous_9)
FN:195,(anonymous_10)
FN:215,(anonymous_11)
FN:216,(anonymous_12)
FN:222,(anonymous_13)
FN:223,(anonymous_14)
FN:231,(anonymous_15)
FN:233,(anonymous_16)
FN:240,(anonymous_17)
FN:247,(anonymous_18)
FN:254,(anonymous_19)
FN:261,(anonymous_20)
FN:263,(anonymous_21)
FN:270,(anonymous_22)
FN:274,(anonymous_23)
FN:281,(anonymous_24)
FN:288,(anonymous_25)
FN:289,(anonymous_26)
FN:290,(anonymous_27)
FN:291,(anonymous_28)
FN:295,(anonymous_29)
FN:296,(anonymous_30)
FN:298,(anonymous_31)
FN:299,(anonymous_32)
FNF:33
FNH:23
FNDA:53,(anonymous_0)
FNDA:0,(anonymous_1)
FNDA:0,(anonymous_2)
FNDA:0,(anonymous_3)
FNDA:0,(anonymous_4)
FNDA:0,(anonymous_5)
FNDA:17,(anonymous_6)
FNDA:6,(anonymous_7)
FNDA:4,(anonymous_8)
FNDA:2,(anonymous_9)
FNDA:5,(anonymous_10)
FNDA:3,(anonymous_11)
FNDA:9,(anonymous_12)
FNDA:3,(anonymous_13)
FNDA:4,(anonymous_14)
FNDA:3,(anonymous_15)
FNDA:3,(anonymous_16)
FNDA:0,(anonymous_17)
FNDA:1,(anonymous_18)
FNDA:2,(anonymous_19)
FNDA:1,(anonymous_20)
FNDA:2,(anonymous_21)
FNDA:2,(anonymous_22)
FNDA:4,(anonymous_23)
FNDA:1,(anonymous_24)
FNDA:2,(anonymous_25)
FNDA:2,(anonymous_26)
FNDA:2,(anonymous_27)
FNDA:2,(anonymous_28)
FNDA:0,(anonymous_29)
FNDA:0,(anonymous_30)
FNDA:0,(anonymous_31)
FNDA:0,(anonymous_32)
DA:1,2
DA:51,2
DA:52,53
DA:53,53
DA:54,53
DA:58,53
DA:62,0
DA:63,0
DA:66,0
DA:67,0
DA:68,0
DA:75,0
DA:76,0
DA:77,0
DA:81,0
DA:88,0
DA:89,0
DA:90,0
DA:98,17
DA:99,1
DA:102,16
DA:103,16
DA:105,16
DA:112,16
DA:113,16
DA:114,0
DA:116,16
DA:123,6
DA:124,6
DA:125,0
DA:128,6
DA:129,6
DA:131,6
DA:146,6
DA:147,6
DA:148,0
DA:150,6
DA:157,4
DA:158,4
DA:159,0
DA:162,4
DA:166,4
DA:167,4
DA:168,0
DA:179,2
DA:180,2
DA:181,0
DA:184,2
DA:185,2
DA:186,2
DA:187,2
DA:188,0
DA:198,5
DA:199,0
DA:202,5
DA:203,5
DA:205,5
DA:206,5
DA:207,0
DA:209,5
DA:216,9
DA:223,3
DA:224,4
DA:232,3
DA:233,3
DA:241,0
DA:248,1
DA:255,2
DA:262,1
DA:263,2
DA:273,2
DA:274,4
DA:282,1
DA:283,1
DA:285,1
DA:288,2
DA:289,2
DA:290,2
DA:291,2
DA:295,0
DA:296,0
DA:298,0
DA:299,0
LF:83
LH:57
BRDA:62,0,0,0
BRDA:98,1,0,1
BRDA:98,2,0,17
BRDA:98,2,1,16
BRDA:113,3,0,0
BRDA:124,4,0,0
BRDA:147,5,0,0
BRDA:158,6,0,0
BRDA:167,7,0,0
BRDA:180,8,0,0
BRDA:187,9,0,0
BRDA:198,10,0,0
BRDA:198,11,0,5
BRDA:198,11,1,5
BRDA:206,12,0,0
BRF:15
BRH:5
end_of_record
TN:
SF:src/middleware/auth.ts
FN:13,authenticateRequest
FN:51,issueDevToken
FNF:2
FNH:2
FNDA:15,authenticateRequest
FNDA:4,issueDevToken
DA:2,2
DA:4,2
DA:11,2
DA:13,2
DA:14,15
DA:15,15
DA:19,15
DA:20,15
DA:21,6
DA:24,15
DA:25,2
DA:26,2
DA:29,13
DA:30,13
DA:36,12
DA:37,12
DA:39,12
DA:40,2
DA:41,2
DA:44,10
DA:45,10
DA:47,1
DA:51,2
DA:52,4
DA:53,1
DA:54,1
DA:57,3
DA:58,3
DA:59,2
DA:60,2
DA:63,1
DA:64,1
DA:66,1
LF:33
LH:33
BRDA:15,0,0,13
BRDA:15,0,1,2
BRDA:19,1,0,15
BRDA:19,1,1,6
BRDA:20,2,0,6
BRDA:24,3,0,2
BRDA:36,4,0,12
BRDA:36,4,1,2
BRDA:39,5,0,2
BRDA:39,6,0,12
BRDA:39,6,1,11
BRDA:52,7,0,1
BRDA:58,8,0,2
BRDA:58,9,0,3
BRDA:58,9,1,2
BRDA:63,10,0,1
BRDA:63,10,1,1
BRF:17
BRH:17
end_of_record
TN:
SF:src/otis/security-gateway.ts
FN:111,(anonymous_0)
FN:116,(anonymous_1)
FN:130,(anonymous_2)
FN:147,(anonymous_3)
FN:163,(anonymous_4)
FN:197,(anonymous_5)
FN:246,(anonymous_6)
FN:264,(anonymous_7)
FN:267,(anonymous_8)
FN:270,(anonymous_9)
FN:273,(anonymous_10)
FN:276,(anonymous_11)
FN:285,(anonymous_12)
FN:322,(anonymous_13)
FN:332,(anonymous_14)
FN:339,(anonymous_15)
FNF:16
FNH:9
FNDA:57,(anonymous_0)
FNDA:0,(anonymous_1)
FNDA:0,(anonymous_2)
FNDA:30,(anonymous_3)
FNDA:13,(anonymous_4)
FNDA:46,(anonymous_5)
FNDA:5,(anonymous_6)
FNDA:2,(anonymous_7)
FNDA:0,(anonymous_8)
FNDA:0,(anonymous_9)
FNDA:0,(anonymous_10)
FNDA:0,(anonymous_11)
FNDA:2,(anonymous_12)
FNDA:4,(anonymous_13)
FNDA:10,(anonymous_14)
FNDA:0,(anonymous_15)
DA:1,2
DA:2,2
DA:19,2
DA:105,2
DA:106,57
DA:108,57
DA:112,57
DA:113,57
DA:117,0
DA:118,0
DA:121,0
DA:122,0
DA:123,0
DA:125,0
DA:126,0
DA:129,0
DA:130,0
DA:151,30
DA:152,30
DA:153,0
DA:155,30
DA:169,13
DA:172,13
DA:173,1
DA:177,13
DA:178,1
DA:182,13
DA:185,13
DA:186,5
DA:190,13
DA:198,46
DA:199,46
DA:202,46
DA:213,46
DA:217,46
DA:225,46
DA:226,46
DA:227,0
DA:240,46
DA:257,5
DA:258,1
DA:261,4
DA:263,4
DA:264,2
DA:266,4
DA:267,0
DA:269,4
DA:270,0
DA:272,4
DA:273,0
DA:275,4
DA:276,0
DA:279,4
DA:290,2
DA:291,2
DA:292,2
DA:303,2
DA:307,2
DA:308,1
DA:312,2
DA:323,4
DA:324,2
DA:326,2
DA:333,10
DA:340,0
LF:65
LH:49
BRDA:117,0,0,0
BRDA:122,1,0,0
BRDA:122,1,1,0
BRDA:152,2,0,0
BRDA:172,3,0,1
BRDA:177,4,0,1
BRDA:183,5,0,13
BRDA:183,5,1,5
BRDA:185,6,0,5
BRDA:199,7,0,46
BRDA:199,7,1,0
BRDA:226,8,0,0
BRDA:257,9,0,1
BRDA:263,10,0,1
BRDA:266,11,0,0
BRDA:269,12,0,0
BRDA:272,13,0,0
BRDA:275,14,0,0
BRDA:307,15,0,1
BRDA:323,16,0,2
BRDA:323,17,0,4
BRDA:323,17,1,3
BRDA:340,18,0,0
BRDA:340,18,1,0
BRF:24
BRH:12
end_of_record
TN:
SF:src/services/logger.ts
FNF:0
FNH:0
DA:1,1
DA:3,1
DA:4,1
DA:7,1
DA:14,1
DA:31,1
DA:32,0
DA:35,0
DA:38,1
LF:9
LH:7
BRDA:3,0,0,1
BRDA:3,0,1,0
BRDA:4,1,0,1
BRDA:4,1,1,1
BRDA:7,2,0,1
BRDA:7,2,1,0
BRDA:23,3,0,1
BRDA:23,3,1,1
BRDA:24,4,0,1
BRDA:24,4,1,0
BRDA:31,5,0,0
BRF:11
BRH:7
end_of_record
TN:
SF:src/services/storage.ts
FN:54,(anonymous_1)
FN:58,(anonymous_2)
FN:123,(anonymous_3)
FN:128,(anonymous_4)
FN:129,(anonymous_5)
FN:140,(anonymous_6)
FN:144,(anonymous_7)
FN:145,(anonymous_8)
FN:155,(anonymous_9)
FN:159,(anonymous_10)
FN:160,(anonymous_11)
FN:170,(anonymous_12)
FN:174,(anonymous_13)
FN:175,(anonymous_14)
FN:185,(anonymous_15)
FN:193,(anonymous_16)
FN:200,(anonymous_17)
FN:223,(anonymous_18)
FN:225,(anonymous_19)
FN:231,(anonymous_20)
FN:258,(anonymous_21)
FN:273,(anonymous_22)
FN:277,(anonymous_23)
FN:304,(anonymous_24)
FN:306,(anonymous_25)
FN:312,(anonymous_26)
FN:316,(anonymous_27)
FN:323,(anonymous_28)
FN:330,(anonymous_29)
FN:337,(anonymous_30)
FN:339,(anonymous_31)
FN:342,(anonymous_32)
FN:344,(anonymous_33)
FN:347,(anonymous_34)
FN:349,(anonymous_35)
FNF:35
FNH:35
FNDA:1,(anonymous_1)
FNDA:1,(anonymous_2)
FNDA:1,(anonymous_3)
FNDA:1,(anonymous_4)
FNDA:1,(anonymous_5)
FNDA:18,(anonymous_6)
FNDA:18,(anonymous_7)
FNDA:18,(anonymous_8)
FNDA:5,(anonymous_9)
FNDA:5,(anonymous_10)
FNDA:5,(anonymous_11)
FNDA:6,(anonymous_12)
FNDA:6,(anonymous_13)
FNDA:6,(anonymous_14)
FNDA:2,(anonymous_15)
FNDA:1,(anonymous_16)
FNDA:1,(anonymous_17)
FNDA:1,(anonymous_18)
FNDA:1,(anonymous_19)
FNDA:2,(anonymous_20)
FNDA:3,(anonymous_21)
FNDA:1,(anonymous_22)
FNDA:2,(anonymous_23)
FNDA:2,(anonymous_24)
FNDA:2,(anonymous_25)
FNDA:1,(anonymous_26)
FNDA:1,(anonymous_27)
FNDA:1,(anonymous_28)
FNDA:1,(anonymous_29)
FNDA:1,(anonymous_30)
FNDA:1,(anonymous_31)
FNDA:1,(anonymous_32)
FNDA:1,(anonymous_33)
FNDA:1,(anonymous_34)
FNDA:1,(anonymous_35)
DA:1,1
DA:2,1
DA:3,1
DA:50,1
DA:51,1
DA:55,1
DA:59,1
DA:60,1
DA:61,1
DA:67,1
DA:81,1
DA:92,1
DA:103,1
DA:109,1
DA:115,1
DA:124,1
DA:125,0
DA:128,1
DA:129,1
DA:130,1
DA:131,0
DA:132,0
DA:134,1
DA:135,1
DA:141,18
DA:142,0
DA:144,18
DA:145,18
DA:146,18
DA:147,0
DA:148,0
DA:150,18
DA:156,5
DA:157,0
DA:159,5
DA:160,5
DA:161,5
DA:162,0
DA:163,0
DA:165,5
DA:171,6
DA:172,0
DA:174,6
DA:175,6
DA:176,6
DA:177,0
DA:178,0
DA:180,6
DA:186,2
DA:190,2
DA:194,1
DA:201,1
DA:224,1
DA:225,1
DA:232,2
DA:259,3
DA:263,3
DA:264,2
DA:266,1
DA:274,1
DA:278,2
DA:305,2
DA:306,2
DA:313,1
DA:317,1
DA:324,1
DA:331,1
DA:338,1
DA:339,1
DA:343,1
DA:344,1
DA:348,1
DA:349,1
LF:73
LH:61
BRDA:124,0,0,0
BRDA:130,1,0,0
BRDA:140,2,0,7
BRDA:141,3,0,0
BRDA:146,4,0,0
BRDA:155,5,0,0
BRDA:156,6,0,0
BRDA:161,7,0,0
BRDA:170,8,0,6
BRDA:171,9,0,0
BRDA:176,10,0,0
BRDA:216,11,0,1
BRDA:216,11,1,0
BRDA:217,12,0,1
BRDA:217,12,1,0
BRDA:227,13,0,1
BRDA:227,13,1,0
BRDA:251,14,0,2
BRDA:251,14,1,0
BRDA:263,15,0,2
BRF:20
BRH:7
end_of_record
